{"C:\\Users\\mohammad.musthafa_ym\\Desktop\\notes-node-project\\index.js":{"path":"C:\\Users\\mohammad.musthafa_ym\\Desktop\\notes-node-project\\index.js","statementMap":{"0":{"start":{"line":13,"column":16},"end":{"line":13,"column":34}},"1":{"start":{"line":14,"column":12},"end":{"line":14,"column":21}},"2":{"start":{"line":16,"column":19},"end":{"line":16,"column":57}},"3":{"start":{"line":17,"column":19},"end":{"line":17,"column":57}},"4":{"start":{"line":18,"column":20},"end":{"line":18,"column":59}},"5":{"start":{"line":19,"column":21},"end":{"line":19,"column":68}},"6":{"start":{"line":20,"column":28},"end":{"line":20,"column":71}},"7":{"start":{"line":21,"column":18},"end":{"line":21,"column":54}},"8":{"start":{"line":23,"column":18},"end":{"line":23,"column":47}},"9":{"start":{"line":24,"column":24},"end":{"line":24,"column":49}},"10":{"start":{"line":25,"column":13},"end":{"line":25,"column":28}},"11":{"start":{"line":27,"column":0},"end":{"line":27,"column":26}},"12":{"start":{"line":29,"column":0},"end":{"line":33,"column":1}},"13":{"start":{"line":35,"column":0},"end":{"line":39,"column":2}},"14":{"start":{"line":40,"column":0},"end":{"line":40,"column":24}},"15":{"start":{"line":41,"column":0},"end":{"line":41,"column":34}},"16":{"start":{"line":44,"column":0},"end":{"line":44,"column":72}},"17":{"start":{"line":47,"column":0},"end":{"line":47,"column":30}},"18":{"start":{"line":50,"column":0},"end":{"line":50,"column":30}},"19":{"start":{"line":53,"column":0},"end":{"line":53,"column":32}},"20":{"start":{"line":56,"column":0},"end":{"line":58,"column":2}},"21":{"start":{"line":57,"column":2},"end":{"line":57,"column":76}},"22":{"start":{"line":61,"column":0},"end":{"line":61,"column":21}},"23":{"start":{"line":64,"column":0},"end":{"line":67,"column":3}},"24":{"start":{"line":65,"column":2},"end":{"line":65,"column":50}},"25":{"start":{"line":66,"column":2},"end":{"line":66,"column":13}},"26":{"start":{"line":69,"column":0},"end":{"line":69,"column":20}}},"fnMap":{"0":{"name":"(anonymous_0)","decl":{"start":{"line":56,"column":12},"end":{"line":56,"column":13}},"loc":{"start":{"line":56,"column":28},"end":{"line":58,"column":1}},"line":56},"1":{"name":"(anonymous_1)","decl":{"start":{"line":64,"column":29},"end":{"line":64,"column":30}},"loc":{"start":{"line":64,"column":35},"end":{"line":67,"column":1}},"line":64}},"branchMap":{},"s":{"0":1,"1":1,"2":1,"3":1,"4":1,"5":1,"6":1,"7":1,"8":1,"9":1,"10":1,"11":1,"12":1,"13":1,"14":1,"15":1,"16":1,"17":1,"18":1,"19":1,"20":1,"21":0,"22":1,"23":1,"24":1,"25":1,"26":1},"f":{"0":0,"1":1},"b":{},"_coverageSchema":"1a1c01bbd47fc00a2c39e90264f33305004495a9","hash":"ccd014a5e37a65deb7007650a6b8065ad48475ff","contentHash":"c717b908d295bca2a0038e09c623c45c49ab423c8d23394e9634daaddc255938"},"C:\\Users\\mohammad.musthafa_ym\\Desktop\\notes-node-project\\app\\routes\\note.routes.js":{"path":"C:\\Users\\mohammad.musthafa_ym\\Desktop\\notes-node-project\\app\\routes\\note.routes.js","statementMap":{"0":{"start":{"line":13,"column":16},"end":{"line":13,"column":34}},"1":{"start":{"line":14,"column":15},"end":{"line":14,"column":31}},"2":{"start":{"line":16,"column":14},"end":{"line":16,"column":58}},"3":{"start":{"line":20,"column":4},"end":{"line":20,"column":47}},"4":{"start":{"line":21,"column":18},"end":{"line":21,"column":36}},"5":{"start":{"line":23,"column":0},"end":{"line":23,"column":48}},"6":{"start":{"line":25,"column":0},"end":{"line":25,"column":60}},"7":{"start":{"line":28,"column":0},"end":{"line":28,"column":46}},"8":{"start":{"line":31,"column":0},"end":{"line":31,"column":53}},"9":{"start":{"line":34,"column":0},"end":{"line":34,"column":66}},"10":{"start":{"line":37,"column":0},"end":{"line":37,"column":58}},"11":{"start":{"line":39,"column":0},"end":{"line":39,"column":24}}},"fnMap":{},"branchMap":{},"s":{"0":1,"1":1,"2":1,"3":1,"4":1,"5":1,"6":1,"7":1,"8":1,"9":1,"10":1,"11":1},"f":{},"b":{},"_coverageSchema":"1a1c01bbd47fc00a2c39e90264f33305004495a9","hash":"9bac9dd5b12f6bb9945ceff58b888480d2de26e6","contentHash":"0d574ea7ee29a09fea998afa48d1bc6b519559aa02f404ce18d5975e4ad1cb7e"},"C:\\Users\\mohammad.musthafa_ym\\Desktop\\notes-node-project\\app\\controllers\\note.controller.js":{"path":"C:\\Users\\mohammad.musthafa_ym\\Desktop\\notes-node-project\\app\\controllers\\note.controller.js","statementMap":{"0":{"start":{"line":19,"column":4},"end":{"line":19,"column":41}},"1":{"start":{"line":20,"column":15},"end":{"line":20,"column":45}},"2":{"start":{"line":21,"column":30},"end":{"line":21,"column":70}},"3":{"start":{"line":22,"column":24},"end":{"line":22,"column":59}},"4":{"start":{"line":30,"column":15},"end":{"line":55,"column":1}},"5":{"start":{"line":31,"column":14},"end":{"line":31,"column":28}},"6":{"start":{"line":32,"column":16},"end":{"line":32,"column":32}},"7":{"start":{"line":33,"column":14},"end":{"line":33,"column":28}},"8":{"start":{"line":34,"column":15},"end":{"line":34,"column":30}},"9":{"start":{"line":35,"column":2},"end":{"line":35,"column":22}},"10":{"start":{"line":36,"column":2},"end":{"line":54,"column":5}},"11":{"start":{"line":37,"column":4},"end":{"line":41,"column":5}},"12":{"start":{"line":38,"column":6},"end":{"line":40,"column":8}},"13":{"start":{"line":42,"column":4},"end":{"line":42,"column":50}},"14":{"start":{"line":43,"column":4},"end":{"line":53,"column":7}},"15":{"start":{"line":63,"column":15},"end":{"line":73,"column":1}},"16":{"start":{"line":64,"column":4},"end":{"line":72,"column":6}},"17":{"start":{"line":65,"column":6},"end":{"line":71,"column":7}},"18":{"start":{"line":66,"column":8},"end":{"line":66,"column":27}},"19":{"start":{"line":67,"column":8},"end":{"line":67,"column":35}},"20":{"start":{"line":69,"column":8},"end":{"line":69,"column":30}},"21":{"start":{"line":70,"column":8},"end":{"line":70,"column":38}},"22":{"start":{"line":81,"column":16},"end":{"line":115,"column":1}},"23":{"start":{"line":82,"column":2},"end":{"line":114,"column":5}},"24":{"start":{"line":83,"column":4},"end":{"line":87,"column":5}},"25":{"start":{"line":84,"column":6},"end":{"line":86,"column":8}},"26":{"start":{"line":88,"column":4},"end":{"line":92,"column":5}},"27":{"start":{"line":89,"column":6},"end":{"line":91,"column":9}},"28":{"start":{"line":93,"column":4},"end":{"line":93,"column":43}},"29":{"start":{"line":94,"column":21},"end":{"line":111,"column":5}},"30":{"start":{"line":97,"column":8},"end":{"line":109,"column":10}},"31":{"start":{"line":112,"column":4},"end":{"line":112,"column":44}},"32":{"start":{"line":113,"column":4},"end":{"line":113,"column":35}},"33":{"start":{"line":123,"column":16},"end":{"line":138,"column":1}},"34":{"start":{"line":124,"column":11},"end":{"line":124,"column":28}},"35":{"start":{"line":125,"column":15},"end":{"line":125,"column":30}},"36":{"start":{"line":126,"column":2},"end":{"line":137,"column":5}},"37":{"start":{"line":127,"column":4},"end":{"line":129,"column":5}},"38":{"start":{"line":128,"column":6},"end":{"line":128,"column":74}},"39":{"start":{"line":130,"column":4},"end":{"line":134,"column":5}},"40":{"start":{"line":131,"column":6},"end":{"line":133,"column":9}},"41":{"start":{"line":135,"column":4},"end":{"line":135,"column":54}},"42":{"start":{"line":136,"column":4},"end":{"line":136,"column":66}},"43":{"start":{"line":145,"column":15},"end":{"line":171,"column":1}},"44":{"start":{"line":146,"column":11},"end":{"line":146,"column":28}},"45":{"start":{"line":147,"column":14},"end":{"line":147,"column":28}},"46":{"start":{"line":148,"column":16},"end":{"line":148,"column":32}},"47":{"start":{"line":149,"column":16},"end":{"line":149,"column":32}},"48":{"start":{"line":150,"column":14},"end":{"line":150,"column":28}},"49":{"start":{"line":151,"column":14},"end":{"line":151,"column":28}},"50":{"start":{"line":152,"column":15},"end":{"line":152,"column":30}},"51":{"start":{"line":153,"column":2},"end":{"line":170,"column":5}},"52":{"start":{"line":154,"column":4},"end":{"line":161,"column":5}},"53":{"start":{"line":155,"column":6},"end":{"line":159,"column":7}},"54":{"start":{"line":156,"column":8},"end":{"line":158,"column":11}},"55":{"start":{"line":160,"column":6},"end":{"line":160,"column":74}},"56":{"start":{"line":163,"column":4},"end":{"line":167,"column":5}},"57":{"start":{"line":164,"column":5},"end":{"line":166,"column":9}},"58":{"start":{"line":168,"column":4},"end":{"line":168,"column":47}},"59":{"start":{"line":169,"column":4},"end":{"line":169,"column":85}},"60":{"start":{"line":179,"column":18},"end":{"line":196,"column":1}},"61":{"start":{"line":180,"column":11},"end":{"line":180,"column":28}},"62":{"start":{"line":181,"column":15},"end":{"line":181,"column":30}},"63":{"start":{"line":182,"column":2},"end":{"line":195,"column":5}},"64":{"start":{"line":183,"column":4},"end":{"line":187,"column":5}},"65":{"start":{"line":184,"column":6},"end":{"line":186,"column":8}},"66":{"start":{"line":188,"column":4},"end":{"line":192,"column":5}},"67":{"start":{"line":189,"column":5},"end":{"line":191,"column":9}},"68":{"start":{"line":193,"column":4},"end":{"line":193,"column":47}},"69":{"start":{"line":194,"column":4},"end":{"line":194,"column":86}},"70":{"start":{"line":198,"column":0},"end":{"line":198,"column":72}}},"fnMap":{"0":{"name":"(anonymous_0)","decl":{"start":{"line":30,"column":15},"end":{"line":30,"column":16}},"loc":{"start":{"line":30,"column":35},"end":{"line":55,"column":1}},"line":30},"1":{"name":"(anonymous_1)","decl":{"start":{"line":36,"column":46},"end":{"line":36,"column":47}},"loc":{"start":{"line":36,"column":63},"end":{"line":54,"column":3}},"line":36},"2":{"name":"(anonymous_2)","decl":{"start":{"line":63,"column":15},"end":{"line":63,"column":16}},"loc":{"start":{"line":63,"column":35},"end":{"line":73,"column":1}},"line":63},"3":{"name":"(anonymous_3)","decl":{"start":{"line":64,"column":25},"end":{"line":64,"column":26}},"loc":{"start":{"line":64,"column":42},"end":{"line":72,"column":5}},"line":64},"4":{"name":"(anonymous_4)","decl":{"start":{"line":81,"column":16},"end":{"line":81,"column":17}},"loc":{"start":{"line":81,"column":36},"end":{"line":115,"column":1}},"line":81},"5":{"name":"(anonymous_5)","decl":{"start":{"line":82,"column":31},"end":{"line":82,"column":32}},"loc":{"start":{"line":82,"column":48},"end":{"line":114,"column":3}},"line":82},"6":{"name":"(anonymous_6)","decl":{"start":{"line":96,"column":22},"end":{"line":96,"column":23}},"loc":{"start":{"line":96,"column":32},"end":{"line":110,"column":7}},"line":96},"7":{"name":"(anonymous_7)","decl":{"start":{"line":123,"column":16},"end":{"line":123,"column":17}},"loc":{"start":{"line":123,"column":36},"end":{"line":138,"column":1}},"line":123},"8":{"name":"(anonymous_8)","decl":{"start":{"line":126,"column":22},"end":{"line":126,"column":23}},"loc":{"start":{"line":126,"column":39},"end":{"line":137,"column":3}},"line":126},"9":{"name":"(anonymous_9)","decl":{"start":{"line":145,"column":15},"end":{"line":145,"column":16}},"loc":{"start":{"line":145,"column":35},"end":{"line":171,"column":1}},"line":145},"10":{"name":"(anonymous_10)","decl":{"start":{"line":153,"column":62},"end":{"line":153,"column":63}},"loc":{"start":{"line":153,"column":79},"end":{"line":170,"column":3}},"line":153},"11":{"name":"(anonymous_11)","decl":{"start":{"line":179,"column":18},"end":{"line":179,"column":19}},"loc":{"start":{"line":179,"column":38},"end":{"line":196,"column":1}},"line":179},"12":{"name":"(anonymous_12)","decl":{"start":{"line":182,"column":25},"end":{"line":182,"column":26}},"loc":{"start":{"line":182,"column":42},"end":{"line":195,"column":3}},"line":182}},"branchMap":{"0":{"loc":{"start":{"line":37,"column":4},"end":{"line":41,"column":5}},"type":"if","locations":[{"start":{"line":37,"column":4},"end":{"line":41,"column":5}},{"start":{"line":37,"column":4},"end":{"line":41,"column":5}}],"line":37},"1":{"loc":{"start":{"line":65,"column":6},"end":{"line":71,"column":7}},"type":"if","locations":[{"start":{"line":65,"column":6},"end":{"line":71,"column":7}},{"start":{"line":65,"column":6},"end":{"line":71,"column":7}}],"line":65},"2":{"loc":{"start":{"line":83,"column":4},"end":{"line":87,"column":5}},"type":"if","locations":[{"start":{"line":83,"column":4},"end":{"line":87,"column":5}},{"start":{"line":83,"column":4},"end":{"line":87,"column":5}}],"line":83},"3":{"loc":{"start":{"line":88,"column":4},"end":{"line":92,"column":5}},"type":"if","locations":[{"start":{"line":88,"column":4},"end":{"line":92,"column":5}},{"start":{"line":88,"column":4},"end":{"line":92,"column":5}}],"line":88},"4":{"loc":{"start":{"line":127,"column":4},"end":{"line":129,"column":5}},"type":"if","locations":[{"start":{"line":127,"column":4},"end":{"line":129,"column":5}},{"start":{"line":127,"column":4},"end":{"line":129,"column":5}}],"line":127},"5":{"loc":{"start":{"line":130,"column":4},"end":{"line":134,"column":5}},"type":"if","locations":[{"start":{"line":130,"column":4},"end":{"line":134,"column":5}},{"start":{"line":130,"column":4},"end":{"line":134,"column":5}}],"line":130},"6":{"loc":{"start":{"line":154,"column":4},"end":{"line":161,"column":5}},"type":"if","locations":[{"start":{"line":154,"column":4},"end":{"line":161,"column":5}},{"start":{"line":154,"column":4},"end":{"line":161,"column":5}}],"line":154},"7":{"loc":{"start":{"line":155,"column":6},"end":{"line":159,"column":7}},"type":"if","locations":[{"start":{"line":155,"column":6},"end":{"line":159,"column":7}},{"start":{"line":155,"column":6},"end":{"line":159,"column":7}}],"line":155},"8":{"loc":{"start":{"line":163,"column":4},"end":{"line":167,"column":5}},"type":"if","locations":[{"start":{"line":163,"column":4},"end":{"line":167,"column":5}},{"start":{"line":163,"column":4},"end":{"line":167,"column":5}}],"line":163},"9":{"loc":{"start":{"line":183,"column":4},"end":{"line":187,"column":5}},"type":"if","locations":[{"start":{"line":183,"column":4},"end":{"line":187,"column":5}},{"start":{"line":183,"column":4},"end":{"line":187,"column":5}}],"line":183},"10":{"loc":{"start":{"line":188,"column":4},"end":{"line":192,"column":5}},"type":"if","locations":[{"start":{"line":188,"column":4},"end":{"line":192,"column":5}},{"start":{"line":188,"column":4},"end":{"line":192,"column":5}}],"line":188}},"s":{"0":1,"1":1,"2":1,"3":1,"4":1,"5":1,"6":1,"7":1,"8":1,"9":1,"10":1,"11":1,"12":0,"13":1,"14":1,"15":1,"16":0,"17":0,"18":0,"19":0,"20":0,"21":0,"22":1,"23":1,"24":1,"25":0,"26":1,"27":0,"28":1,"29":1,"30":0,"31":1,"32":1,"33":1,"34":2,"35":2,"36":2,"37":2,"38":1,"39":1,"40":0,"41":1,"42":1,"43":1,"44":1,"45":1,"46":1,"47":1,"48":1,"49":1,"50":1,"51":1,"52":1,"53":0,"54":0,"55":0,"56":1,"57":0,"58":1,"59":1,"60":1,"61":2,"62":2,"63":2,"64":2,"65":1,"66":1,"67":0,"68":1,"69":1,"70":1},"f":{"0":1,"1":1,"2":0,"3":0,"4":1,"5":1,"6":0,"7":2,"8":2,"9":1,"10":1,"11":2,"12":2},"b":{"0":[0,1],"1":[0,0],"2":[0,1],"3":[0,1],"4":[1,1],"5":[0,1],"6":[0,1],"7":[0,0],"8":[0,1],"9":[1,1],"10":[0,1]},"_coverageSchema":"1a1c01bbd47fc00a2c39e90264f33305004495a9","hash":"b3d3eee1ffb0ff09441bcfb5affb962eb24fd16a","contentHash":"9d71a30ad81ef0f89ff8a118715ed495c7b9199e40633fa593a9ae99cedfa134"},"C:\\Users\\mohammad.musthafa_ym\\Desktop\\notes-node-project\\app\\service\\note.service.js":{"path":"C:\\Users\\mohammad.musthafa_ym\\Desktop\\notes-node-project\\app\\service\\note.service.js","statementMap":{"0":{"start":{"line":19,"column":4},"end":{"line":19,"column":39}},"1":{"start":{"line":29,"column":22},"end":{"line":33,"column":1}},"2":{"start":{"line":30,"column":2},"end":{"line":32,"column":5}},"3":{"start":{"line":31,"column":4},"end":{"line":31,"column":64}},"4":{"start":{"line":41,"column":21},"end":{"line":45,"column":1}},"5":{"start":{"line":42,"column":2},"end":{"line":44,"column":5}},"6":{"start":{"line":43,"column":4},"end":{"line":43,"column":64}},"7":{"start":{"line":53,"column":17},"end":{"line":57,"column":1}},"8":{"start":{"line":54,"column":2},"end":{"line":56,"column":5}},"9":{"start":{"line":55,"column":4},"end":{"line":55,"column":64}},"10":{"start":{"line":67,"column":19},"end":{"line":71,"column":1}},"11":{"start":{"line":68,"column":2},"end":{"line":70,"column":5}},"12":{"start":{"line":69,"column":4},"end":{"line":69,"column":64}},"13":{"start":{"line":79,"column":19},"end":{"line":83,"column":1}},"14":{"start":{"line":80,"column":2},"end":{"line":82,"column":5}},"15":{"start":{"line":81,"column":4},"end":{"line":81,"column":64}},"16":{"start":{"line":85,"column":0},"end":{"line":91,"column":2}}},"fnMap":{"0":{"name":"(anonymous_0)","decl":{"start":{"line":29,"column":22},"end":{"line":29,"column":23}},"loc":{"start":{"line":29,"column":65},"end":{"line":33,"column":1}},"line":29},"1":{"name":"(anonymous_1)","decl":{"start":{"line":30,"column":42},"end":{"line":30,"column":43}},"loc":{"start":{"line":30,"column":59},"end":{"line":32,"column":3}},"line":30},"2":{"name":"(anonymous_2)","decl":{"start":{"line":41,"column":21},"end":{"line":41,"column":22}},"loc":{"start":{"line":41,"column":42},"end":{"line":45,"column":1}},"line":41},"3":{"name":"(anonymous_3)","decl":{"start":{"line":42,"column":19},"end":{"line":42,"column":20}},"loc":{"start":{"line":42,"column":36},"end":{"line":44,"column":3}},"line":42},"4":{"name":"(anonymous_4)","decl":{"start":{"line":53,"column":17},"end":{"line":53,"column":18}},"loc":{"start":{"line":53,"column":46},"end":{"line":57,"column":1}},"line":53},"5":{"name":"(anonymous_5)","decl":{"start":{"line":54,"column":32},"end":{"line":54,"column":33}},"loc":{"start":{"line":54,"column":49},"end":{"line":56,"column":3}},"line":54},"6":{"name":"(anonymous_6)","decl":{"start":{"line":67,"column":19},"end":{"line":67,"column":20}},"loc":{"start":{"line":67,"column":86},"end":{"line":71,"column":1}},"line":67},"7":{"name":"(anonymous_7)","decl":{"start":{"line":68,"column":78},"end":{"line":68,"column":79}},"loc":{"start":{"line":68,"column":95},"end":{"line":70,"column":3}},"line":68},"8":{"name":"(anonymous_8)","decl":{"start":{"line":79,"column":19},"end":{"line":79,"column":20}},"loc":{"start":{"line":79,"column":48},"end":{"line":83,"column":1}},"line":79},"9":{"name":"(anonymous_9)","decl":{"start":{"line":80,"column":31},"end":{"line":80,"column":32}},"loc":{"start":{"line":80,"column":48},"end":{"line":82,"column":3}},"line":80}},"branchMap":{"0":{"loc":{"start":{"line":31,"column":11},"end":{"line":31,"column":63}},"type":"cond-expr","locations":[{"start":{"line":31,"column":19},"end":{"line":31,"column":40}},{"start":{"line":31,"column":43},"end":{"line":31,"column":63}}],"line":31},"1":{"loc":{"start":{"line":43,"column":11},"end":{"line":43,"column":63}},"type":"cond-expr","locations":[{"start":{"line":43,"column":19},"end":{"line":43,"column":40}},{"start":{"line":43,"column":43},"end":{"line":43,"column":63}}],"line":43},"2":{"loc":{"start":{"line":55,"column":11},"end":{"line":55,"column":63}},"type":"cond-expr","locations":[{"start":{"line":55,"column":19},"end":{"line":55,"column":40}},{"start":{"line":55,"column":43},"end":{"line":55,"column":63}}],"line":55},"3":{"loc":{"start":{"line":69,"column":11},"end":{"line":69,"column":63}},"type":"cond-expr","locations":[{"start":{"line":69,"column":19},"end":{"line":69,"column":40}},{"start":{"line":69,"column":43},"end":{"line":69,"column":63}}],"line":69},"4":{"loc":{"start":{"line":81,"column":11},"end":{"line":81,"column":63}},"type":"cond-expr","locations":[{"start":{"line":81,"column":19},"end":{"line":81,"column":40}},{"start":{"line":81,"column":43},"end":{"line":81,"column":63}}],"line":81}},"s":{"0":1,"1":1,"2":1,"3":1,"4":1,"5":1,"6":1,"7":1,"8":2,"9":2,"10":1,"11":1,"12":1,"13":1,"14":2,"15":2,"16":1},"f":{"0":1,"1":1,"2":1,"3":1,"4":2,"5":2,"6":1,"7":1,"8":2,"9":2},"b":{"0":[0,1],"1":[0,1],"2":[1,1],"3":[0,1],"4":[1,1]},"_coverageSchema":"1a1c01bbd47fc00a2c39e90264f33305004495a9","hash":"aee573c163b7bde3d7976906714b4d48ed3086eb","contentHash":"bb79cdcde6f40d43024f2a681114963a7a6760729e5c4d2408c5246f7315569a"},"C:\\Users\\mohammad.musthafa_ym\\Desktop\\notes-node-project\\app\\models\\note.models.js":{"path":"C:\\Users\\mohammad.musthafa_ym\\Desktop\\notes-node-project\\app\\models\\note.models.js","statementMap":{"0":{"start":{"line":13,"column":17},"end":{"line":13,"column":36}},"1":{"start":{"line":14,"column":15},"end":{"line":14,"column":45}},"2":{"start":{"line":16,"column":22},"end":{"line":16,"column":37}},"3":{"start":{"line":17,"column":11},"end":{"line":17,"column":24}},"4":{"start":{"line":18,"column":20},"end":{"line":18,"column":40}},"5":{"start":{"line":21,"column":19},"end":{"line":33,"column":1}},"6":{"start":{"line":35,"column":13},"end":{"line":35,"column":47}},"7":{"start":{"line":45,"column":19},"end":{"line":58,"column":1}},"8":{"start":{"line":46,"column":15},"end":{"line":53,"column":4}},"9":{"start":{"line":55,"column":2},"end":{"line":57,"column":5}},"10":{"start":{"line":56,"column":4},"end":{"line":56,"column":64}},"11":{"start":{"line":66,"column":18},"end":{"line":72,"column":1}},"12":{"start":{"line":67,"column":2},"end":{"line":71,"column":7}},"13":{"start":{"line":70,"column":6},"end":{"line":70,"column":66}},"14":{"start":{"line":81,"column":23},"end":{"line":91,"column":1}},"15":{"start":{"line":82,"column":2},"end":{"line":90,"column":5}},"16":{"start":{"line":83,"column":4},"end":{"line":89,"column":5}},"17":{"start":{"line":84,"column":6},"end":{"line":84,"column":35}},"18":{"start":{"line":86,"column":19},"end":{"line":86,"column":54}},"19":{"start":{"line":86,"column":40},"end":{"line":86,"column":53}},"20":{"start":{"line":87,"column":6},"end":{"line":88,"column":41}},"21":{"start":{"line":87,"column":30},"end":{"line":87,"column":63}},"22":{"start":{"line":88,"column":11},"end":{"line":88,"column":41}},"23":{"start":{"line":102,"column":32},"end":{"line":129,"column":1}},"24":{"start":{"line":112,"column":2},"end":{"line":128,"column":5}},"25":{"start":{"line":113,"column":4},"end":{"line":115,"column":5}},"26":{"start":{"line":114,"column":6},"end":{"line":114,"column":28}},"27":{"start":{"line":116,"column":4},"end":{"line":118,"column":5}},"28":{"start":{"line":117,"column":6},"end":{"line":117,"column":38}},"29":{"start":{"line":120,"column":4},"end":{"line":127,"column":6}},"30":{"start":{"line":125,"column":8},"end":{"line":125,"column":68}},"31":{"start":{"line":138,"column":22},"end":{"line":156,"column":1}},"32":{"start":{"line":139,"column":2},"end":{"line":155,"column":5}},"33":{"start":{"line":140,"column":4},"end":{"line":142,"column":5}},"34":{"start":{"line":141,"column":6},"end":{"line":141,"column":35}},"35":{"start":{"line":143,"column":4},"end":{"line":145,"column":5}},"36":{"start":{"line":144,"column":6},"end":{"line":144,"column":45}},"37":{"start":{"line":146,"column":4},"end":{"line":153,"column":7}},"38":{"start":{"line":149,"column":7},"end":{"line":151,"column":8}},"39":{"start":{"line":150,"column":8},"end":{"line":150,"column":26}},"40":{"start":{"line":154,"column":4},"end":{"line":154,"column":32}},"41":{"start":{"line":158,"column":0},"end":{"line":164,"column":2}}},"fnMap":{"0":{"name":"(anonymous_0)","decl":{"start":{"line":45,"column":19},"end":{"line":45,"column":20}},"loc":{"start":{"line":45,"column":64},"end":{"line":58,"column":1}},"line":45},"1":{"name":"(anonymous_1)","decl":{"start":{"line":55,"column":23},"end":{"line":55,"column":24}},"loc":{"start":{"line":55,"column":40},"end":{"line":57,"column":3}},"line":55},"2":{"name":"(anonymous_2)","decl":{"start":{"line":66,"column":18},"end":{"line":66,"column":19}},"loc":{"start":{"line":66,"column":40},"end":{"line":72,"column":1}},"line":66},"3":{"name":"(anonymous_3)","decl":{"start":{"line":69,"column":10},"end":{"line":69,"column":11}},"loc":{"start":{"line":69,"column":27},"end":{"line":71,"column":5}},"line":69},"4":{"name":"(anonymous_4)","decl":{"start":{"line":81,"column":23},"end":{"line":81,"column":24}},"loc":{"start":{"line":81,"column":49},"end":{"line":91,"column":1}},"line":81},"5":{"name":"(anonymous_5)","decl":{"start":{"line":82,"column":39},"end":{"line":82,"column":40}},"loc":{"start":{"line":82,"column":56},"end":{"line":90,"column":3}},"line":82},"6":{"name":"(anonymous_6)","decl":{"start":{"line":86,"column":31},"end":{"line":86,"column":32}},"loc":{"start":{"line":86,"column":40},"end":{"line":86,"column":53}},"line":86},"7":{"name":"(anonymous_7)","decl":{"start":{"line":102,"column":32},"end":{"line":102,"column":33}},"loc":{"start":{"line":111,"column":5},"end":{"line":129,"column":1}},"line":111},"8":{"name":"(anonymous_8)","decl":{"start":{"line":112,"column":51},"end":{"line":112,"column":52}},"loc":{"start":{"line":112,"column":68},"end":{"line":128,"column":3}},"line":112},"9":{"name":"(anonymous_9)","decl":{"start":{"line":124,"column":6},"end":{"line":124,"column":7}},"loc":{"start":{"line":124,"column":23},"end":{"line":126,"column":7}},"line":124},"10":{"name":"(anonymous_10)","decl":{"start":{"line":138,"column":22},"end":{"line":138,"column":23}},"loc":{"start":{"line":138,"column":48},"end":{"line":156,"column":1}},"line":138},"11":{"name":"(anonymous_11)","decl":{"start":{"line":139,"column":60},"end":{"line":139,"column":61}},"loc":{"start":{"line":139,"column":77},"end":{"line":155,"column":3}},"line":139},"12":{"name":"(anonymous_12)","decl":{"start":{"line":148,"column":6},"end":{"line":148,"column":7}},"loc":{"start":{"line":148,"column":20},"end":{"line":152,"column":7}},"line":148}},"branchMap":{"0":{"loc":{"start":{"line":47,"column":11},"end":{"line":47,"column":35}},"type":"binary-expr","locations":[{"start":{"line":47,"column":11},"end":{"line":47,"column":16}},{"start":{"line":47,"column":20},"end":{"line":47,"column":35}}],"line":47},"1":{"loc":{"start":{"line":56,"column":11},"end":{"line":56,"column":63}},"type":"cond-expr","locations":[{"start":{"line":56,"column":19},"end":{"line":56,"column":40}},{"start":{"line":56,"column":43},"end":{"line":56,"column":63}}],"line":56},"2":{"loc":{"start":{"line":70,"column":13},"end":{"line":70,"column":65}},"type":"cond-expr","locations":[{"start":{"line":70,"column":21},"end":{"line":70,"column":42}},{"start":{"line":70,"column":45},"end":{"line":70,"column":65}}],"line":70},"3":{"loc":{"start":{"line":83,"column":4},"end":{"line":89,"column":5}},"type":"if","locations":[{"start":{"line":83,"column":4},"end":{"line":89,"column":5}},{"start":{"line":83,"column":4},"end":{"line":89,"column":5}}],"line":83},"4":{"loc":{"start":{"line":87,"column":6},"end":{"line":88,"column":41}},"type":"if","locations":[{"start":{"line":87,"column":6},"end":{"line":88,"column":41}},{"start":{"line":87,"column":6},"end":{"line":88,"column":41}}],"line":87},"5":{"loc":{"start":{"line":113,"column":4},"end":{"line":115,"column":5}},"type":"if","locations":[{"start":{"line":113,"column":4},"end":{"line":115,"column":5}},{"start":{"line":113,"column":4},"end":{"line":115,"column":5}}],"line":113},"6":{"loc":{"start":{"line":116,"column":4},"end":{"line":118,"column":5}},"type":"if","locations":[{"start":{"line":116,"column":4},"end":{"line":118,"column":5}},{"start":{"line":116,"column":4},"end":{"line":118,"column":5}}],"line":116},"7":{"loc":{"start":{"line":125,"column":15},"end":{"line":125,"column":67}},"type":"cond-expr","locations":[{"start":{"line":125,"column":23},"end":{"line":125,"column":44}},{"start":{"line":125,"column":47},"end":{"line":125,"column":67}}],"line":125},"8":{"loc":{"start":{"line":140,"column":4},"end":{"line":142,"column":5}},"type":"if","locations":[{"start":{"line":140,"column":4},"end":{"line":142,"column":5}},{"start":{"line":140,"column":4},"end":{"line":142,"column":5}}],"line":140},"9":{"loc":{"start":{"line":143,"column":4},"end":{"line":145,"column":5}},"type":"if","locations":[{"start":{"line":143,"column":4},"end":{"line":145,"column":5}},{"start":{"line":143,"column":4},"end":{"line":145,"column":5}}],"line":143},"10":{"loc":{"start":{"line":149,"column":7},"end":{"line":151,"column":8}},"type":"if","locations":[{"start":{"line":149,"column":7},"end":{"line":151,"column":8}},{"start":{"line":149,"column":7},"end":{"line":151,"column":8}}],"line":149}},"s":{"0":1,"1":1,"2":1,"3":1,"4":1,"5":1,"6":1,"7":1,"8":1,"9":1,"10":1,"11":1,"12":1,"13":1,"14":1,"15":2,"16":2,"17":0,"18":2,"19":2,"20":2,"21":1,"22":1,"23":1,"24":1,"25":1,"26":0,"27":1,"28":0,"29":1,"30":1,"31":1,"32":2,"33":2,"34":0,"35":2,"36":1,"37":1,"38":1,"39":1,"40":1,"41":1},"f":{"0":1,"1":1,"2":1,"3":1,"4":2,"5":2,"6":2,"7":1,"8":1,"9":1,"10":2,"11":2,"12":1},"b":{"0":[1,0],"1":[0,1],"2":[0,1],"3":[0,2],"4":[1,1],"5":[0,1],"6":[0,1],"7":[0,1],"8":[0,2],"9":[1,1],"10":[1,0]},"_coverageSchema":"1a1c01bbd47fc00a2c39e90264f33305004495a9","hash":"59d312b468e35d6f263dc95aa14ca4180345c0ee","contentHash":"c41cc58538b69ed8dba775187b1acd0040298e05d58c3de915b8e441c03390b4"},"C:\\Users\\mohammad.musthafa_ym\\Desktop\\notes-node-project\\config\\logger.js":{"path":"C:\\Users\\mohammad.musthafa_ym\\Desktop\\notes-node-project\\config\\logger.js","statementMap":{"0":{"start":{"line":13,"column":45},"end":{"line":13,"column":63}},"1":{"start":{"line":14,"column":0},"end":{"line":14,"column":37}},"2":{"start":{"line":21,"column":15},"end":{"line":28,"column":2}},"3":{"start":{"line":30,"column":0},"end":{"line":30,"column":24}}},"fnMap":{},"branchMap":{},"s":{"0":1,"1":1,"2":1,"3":1},"f":{},"b":{},"_coverageSchema":"1a1c01bbd47fc00a2c39e90264f33305004495a9","hash":"6f8eeb0e79d90659e8bc93cbd58aabc841b3aab3","contentHash":"c034dd16b281237c5485b9afb72f2ebf83a2f16b5d5764a1970164655c8ef7de"},"C:\\Users\\mohammad.musthafa_ym\\Desktop\\notes-node-project\\app\\error-handler\\custom-error.js":{"path":"C:\\Users\\mohammad.musthafa_ym\\Desktop\\notes-node-project\\app\\error-handler\\custom-error.js","statementMap":{"0":{"start":{"line":7,"column":4},"end":{"line":7,"column":19}},"1":{"start":{"line":8,"column":4},"end":{"line":8,"column":33}},"2":{"start":{"line":18,"column":26},"end":{"line":20,"column":1}},"3":{"start":{"line":19,"column":2},"end":{"line":19,"column":46}},"4":{"start":{"line":22,"column":0},"end":{"line":22,"column":52}}},"fnMap":{"0":{"name":"(anonymous_0)","decl":{"start":{"line":6,"column":2},"end":{"line":6,"column":3}},"loc":{"start":{"line":6,"column":35},"end":{"line":9,"column":3}},"line":6},"1":{"name":"(anonymous_1)","decl":{"start":{"line":18,"column":26},"end":{"line":18,"column":27}},"loc":{"start":{"line":18,"column":51},"end":{"line":20,"column":1}},"line":18}},"branchMap":{},"s":{"0":8,"1":8,"2":1,"3":8,"4":1},"f":{"0":8,"1":8},"b":{},"_coverageSchema":"1a1c01bbd47fc00a2c39e90264f33305004495a9","hash":"e40787e7dade3250611abcdebe6fa670e4ae18e0","contentHash":"d7f4628ca7309f609cd6a33d6ac4a7d542aed4cf8827f9bee31ff696881e7510"},"C:\\Users\\mohammad.musthafa_ym\\Desktop\\notes-node-project\\app\\utility\\note.image.js":{"path":"C:\\Users\\mohammad.musthafa_ym\\Desktop\\notes-node-project\\app\\utility\\note.image.js","statementMap":{"0":{"start":{"line":2,"column":15},"end":{"line":2,"column":32}},"1":{"start":{"line":5,"column":26},"end":{"line":12,"column":2}},"2":{"start":{"line":7,"column":4},"end":{"line":7,"column":29}},"3":{"start":{"line":10,"column":4},"end":{"line":10,"column":51}},"4":{"start":{"line":14,"column":15},"end":{"line":14,"column":68}},"5":{"start":{"line":16,"column":20},"end":{"line":25,"column":1}},"6":{"start":{"line":18,"column":4},"end":{"line":24,"column":8}},"7":{"start":{"line":19,"column":8},"end":{"line":23,"column":9}},"8":{"start":{"line":20,"column":10},"end":{"line":20,"column":30}},"9":{"start":{"line":22,"column":10},"end":{"line":22,"column":29}},"10":{"start":{"line":27,"column":0},"end":{"line":27,"column":31}}},"fnMap":{"0":{"name":"(anonymous_0)","decl":{"start":{"line":6,"column":14},"end":{"line":6,"column":15}},"loc":{"start":{"line":6,"column":37},"end":{"line":8,"column":3}},"line":6},"1":{"name":"(anonymous_1)","decl":{"start":{"line":9,"column":11},"end":{"line":9,"column":12}},"loc":{"start":{"line":9,"column":34},"end":{"line":11,"column":3}},"line":9},"2":{"name":"(anonymous_2)","decl":{"start":{"line":16,"column":20},"end":{"line":16,"column":21}},"loc":{"start":{"line":16,"column":43},"end":{"line":25,"column":1}},"line":16},"3":{"name":"(anonymous_3)","decl":{"start":{"line":18,"column":19},"end":{"line":18,"column":20}},"loc":{"start":{"line":18,"column":28},"end":{"line":24,"column":7}},"line":18}},"branchMap":{"0":{"loc":{"start":{"line":19,"column":8},"end":{"line":23,"column":9}},"type":"if","locations":[{"start":{"line":19,"column":8},"end":{"line":23,"column":9}},{"start":{"line":19,"column":8},"end":{"line":23,"column":9}}],"line":19}},"s":{"0":1,"1":1,"2":0,"3":0,"4":1,"5":1,"6":0,"7":0,"8":0,"9":0,"10":1},"f":{"0":0,"1":0,"2":0,"3":0},"b":{"0":[0,0]},"_coverageSchema":"1a1c01bbd47fc00a2c39e90264f33305004495a9","hash":"e36580cea1a0d3f1ebffec95fdac78f907b0f805","contentHash":"1be1df4b3dd6422686a4d579052b2e8c35b2613215ba0088825a6051b8160f1d"},"C:\\Users\\mohammad.musthafa_ym\\Desktop\\notes-node-project\\app\\middleware\\note.middleware.js":{"path":"C:\\Users\\mohammad.musthafa_ym\\Desktop\\notes-node-project\\app\\middleware\\note.middleware.js","statementMap":{"0":{"start":{"line":13,"column":24},"end":{"line":13,"column":54}},"1":{"start":{"line":14,"column":30},"end":{"line":14,"column":70}},"2":{"start":{"line":15,"column":19},"end":{"line":15,"column":42}},"3":{"start":{"line":16,"column":21},"end":{"line":33,"column":1}},"4":{"start":{"line":18,"column":2},"end":{"line":22,"column":3}},"5":{"start":{"line":19,"column":4},"end":{"line":21,"column":7}},"6":{"start":{"line":25,"column":16},"end":{"line":25,"column":60}},"7":{"start":{"line":26,"column":2},"end":{"line":32,"column":3}},"8":{"start":{"line":27,"column":4},"end":{"line":29,"column":7}},"9":{"start":{"line":31,"column":4},"end":{"line":31,"column":11}},"10":{"start":{"line":42,"column":22},"end":{"line":61,"column":1}},"11":{"start":{"line":43,"column":21},"end":{"line":43,"column":67}},"12":{"start":{"line":44,"column":2},"end":{"line":44,"column":78}},"13":{"start":{"line":44,"column":19},"end":{"line":44,"column":78}},"14":{"start":{"line":46,"column":16},"end":{"line":46,"column":26}},"15":{"start":{"line":47,"column":2},"end":{"line":60,"column":5}},"16":{"start":{"line":48,"column":4},"end":{"line":59,"column":5}},"17":{"start":{"line":49,"column":6},"end":{"line":54,"column":8}},"18":{"start":{"line":57,"column":6},"end":{"line":57,"column":32}},"19":{"start":{"line":58,"column":6},"end":{"line":58,"column":12}},"20":{"start":{"line":63,"column":0},"end":{"line":63,"column":49}}},"fnMap":{"0":{"name":"(anonymous_0)","decl":{"start":{"line":16,"column":21},"end":{"line":16,"column":22}},"loc":{"start":{"line":16,"column":41},"end":{"line":33,"column":1}},"line":16},"1":{"name":"(anonymous_1)","decl":{"start":{"line":42,"column":22},"end":{"line":42,"column":23}},"loc":{"start":{"line":42,"column":42},"end":{"line":61,"column":1}},"line":42},"2":{"name":"(anonymous_2)","decl":{"start":{"line":47,"column":21},"end":{"line":47,"column":22}},"loc":{"start":{"line":47,"column":38},"end":{"line":60,"column":3}},"line":47}},"branchMap":{"0":{"loc":{"start":{"line":18,"column":2},"end":{"line":22,"column":3}},"type":"if","locations":[{"start":{"line":18,"column":2},"end":{"line":22,"column":3}},{"start":{"line":18,"column":2},"end":{"line":22,"column":3}}],"line":18},"1":{"loc":{"start":{"line":26,"column":2},"end":{"line":32,"column":3}},"type":"if","locations":[{"start":{"line":26,"column":2},"end":{"line":32,"column":3}},{"start":{"line":26,"column":2},"end":{"line":32,"column":3}}],"line":26},"2":{"loc":{"start":{"line":43,"column":21},"end":{"line":43,"column":67}},"type":"binary-expr","locations":[{"start":{"line":43,"column":21},"end":{"line":43,"column":46}},{"start":{"line":43,"column":50},"end":{"line":43,"column":67}}],"line":43},"3":{"loc":{"start":{"line":44,"column":2},"end":{"line":44,"column":78}},"type":"if","locations":[{"start":{"line":44,"column":2},"end":{"line":44,"column":78}},{"start":{"line":44,"column":2},"end":{"line":44,"column":78}}],"line":44},"4":{"loc":{"start":{"line":48,"column":4},"end":{"line":59,"column":5}},"type":"if","locations":[{"start":{"line":48,"column":4},"end":{"line":59,"column":5}},{"start":{"line":48,"column":4},"end":{"line":59,"column":5}}],"line":48}},"s":{"0":1,"1":1,"2":1,"3":1,"4":4,"5":2,"6":2,"7":2,"8":0,"9":2,"10":1,"11":10,"12":10,"13":1,"14":9,"15":9,"16":9,"17":0,"18":9,"19":9,"20":1},"f":{"0":4,"1":10,"2":9},"b":{"0":[2,2],"1":[0,2],"2":[10,2],"3":[1,9],"4":[0,9]},"_coverageSchema":"1a1c01bbd47fc00a2c39e90264f33305004495a9","hash":"87c460f3658d2fb7f712be415ca86c508ac10009","contentHash":"5d3372a95d5862bac6873498f54fac93b8b550862d8807fbe2d14af28c54ea29"},"C:\\Users\\mohammad.musthafa_ym\\Desktop\\notes-node-project\\app\\utility\\user.jwt.js":{"path":"C:\\Users\\mohammad.musthafa_ym\\Desktop\\notes-node-project\\app\\utility\\user.jwt.js","statementMap":{"0":{"start":{"line":13,"column":12},"end":{"line":13,"column":35}},"1":{"start":{"line":14,"column":15},"end":{"line":14,"column":41}},"2":{"start":{"line":21,"column":20},"end":{"line":26,"column":1}},"3":{"start":{"line":22,"column":16},"end":{"line":24,"column":4}},"4":{"start":{"line":25,"column":2},"end":{"line":25,"column":14}},"5":{"start":{"line":33,"column":20},"end":{"line":37,"column":1}},"6":{"start":{"line":34,"column":2},"end":{"line":36,"column":5}},"7":{"start":{"line":35,"column":4},"end":{"line":35,"column":63}},"8":{"start":{"line":39,"column":0},"end":{"line":39,"column":46}}},"fnMap":{"0":{"name":"(anonymous_0)","decl":{"start":{"line":21,"column":20},"end":{"line":21,"column":21}},"loc":{"start":{"line":21,"column":30},"end":{"line":26,"column":1}},"line":21},"1":{"name":"(anonymous_1)","decl":{"start":{"line":33,"column":20},"end":{"line":33,"column":21}},"loc":{"start":{"line":33,"column":41},"end":{"line":37,"column":1}},"line":33},"2":{"name":"(anonymous_2)","decl":{"start":{"line":34,"column":45},"end":{"line":34,"column":46}},"loc":{"start":{"line":34,"column":63},"end":{"line":36,"column":3}},"line":34}},"branchMap":{"0":{"loc":{"start":{"line":35,"column":11},"end":{"line":35,"column":62}},"type":"cond-expr","locations":[{"start":{"line":35,"column":17},"end":{"line":35,"column":36}},{"start":{"line":35,"column":39},"end":{"line":35,"column":62}}],"line":35}},"s":{"0":1,"1":1,"2":1,"3":21,"4":21,"5":1,"6":18,"7":18,"8":1},"f":{"0":21,"1":18,"2":18},"b":{"0":[0,18]},"_coverageSchema":"1a1c01bbd47fc00a2c39e90264f33305004495a9","hash":"a26bac83fe79317a194fa0c210a6b5578964ca02","contentHash":"03565aa990c942e14449c034dce05bd03eefe955975d6253e1b7f78e945aee48"},"C:\\Users\\mohammad.musthafa_ym\\Desktop\\notes-node-project\\app\\routes\\user.routes.js":{"path":"C:\\Users\\mohammad.musthafa_ym\\Desktop\\notes-node-project\\app\\routes\\user.routes.js","statementMap":{"0":{"start":{"line":13,"column":16},"end":{"line":13,"column":34}},"1":{"start":{"line":14,"column":15},"end":{"line":14,"column":31}},"2":{"start":{"line":15,"column":14},"end":{"line":15,"column":58}},"3":{"start":{"line":16,"column":17},"end":{"line":16,"column":60}},"4":{"start":{"line":19,"column":0},"end":{"line":19,"column":35}},"5":{"start":{"line":22,"column":0},"end":{"line":22,"column":41}},"6":{"start":{"line":25,"column":0},"end":{"line":25,"column":31}},"7":{"start":{"line":28,"column":0},"end":{"line":28,"column":38}},"8":{"start":{"line":31,"column":0},"end":{"line":31,"column":47}},"9":{"start":{"line":34,"column":0},"end":{"line":34,"column":43}},"10":{"start":{"line":37,"column":0},"end":{"line":37,"column":58}},"11":{"start":{"line":40,"column":0},"end":{"line":40,"column":54}},"12":{"start":{"line":42,"column":0},"end":{"line":42,"column":24}}},"fnMap":{},"branchMap":{},"s":{"0":1,"1":1,"2":1,"3":1,"4":1,"5":1,"6":1,"7":1,"8":1,"9":1,"10":1,"11":1,"12":1},"f":{},"b":{},"_coverageSchema":"1a1c01bbd47fc00a2c39e90264f33305004495a9","hash":"5e83b6084e2fbf0fd345559019e62315cdab973c","contentHash":"6c0c820154a8b5caed0e7dfedf5f8e7bb90a7a9335730d5f5dbd5c0c3868443b"},"C:\\Users\\mohammad.musthafa_ym\\Desktop\\notes-node-project\\app\\controllers\\user.controller.js":{"path":"C:\\Users\\mohammad.musthafa_ym\\Desktop\\notes-node-project\\app\\controllers\\user.controller.js","statementMap":{"0":{"start":{"line":22,"column":4},"end":{"line":22,"column":41}},"1":{"start":{"line":23,"column":15},"end":{"line":23,"column":45}},"2":{"start":{"line":24,"column":30},"end":{"line":24,"column":70}},"3":{"start":{"line":32,"column":14},"end":{"line":40,"column":1}},"4":{"start":{"line":33,"column":30},"end":{"line":33,"column":38}},"5":{"start":{"line":34,"column":2},"end":{"line":39,"column":5}},"6":{"start":{"line":35,"column":4},"end":{"line":37,"column":5}},"7":{"start":{"line":36,"column":6},"end":{"line":36,"column":49}},"8":{"start":{"line":38,"column":4},"end":{"line":38,"column":42}},"9":{"start":{"line":48,"column":15},"end":{"line":69,"column":1}},"10":{"start":{"line":49,"column":20},"end":{"line":54,"column":3}},"11":{"start":{"line":55,"column":2},"end":{"line":68,"column":5}},"12":{"start":{"line":56,"column":4},"end":{"line":59,"column":8}},"13":{"start":{"line":57,"column":6},"end":{"line":59,"column":8}},"14":{"start":{"line":60,"column":6},"end":{"line":60,"column":52}},"15":{"start":{"line":61,"column":4},"end":{"line":67,"column":7}},"16":{"start":{"line":77,"column":16},"end":{"line":110,"column":1}},"17":{"start":{"line":78,"column":2},"end":{"line":109,"column":5}},"18":{"start":{"line":79,"column":4},"end":{"line":83,"column":5}},"19":{"start":{"line":80,"column":6},"end":{"line":82,"column":8}},"20":{"start":{"line":84,"column":4},"end":{"line":88,"column":5}},"21":{"start":{"line":85,"column":6},"end":{"line":87,"column":9}},"22":{"start":{"line":89,"column":21},"end":{"line":106,"column":5}},"23":{"start":{"line":92,"column":8},"end":{"line":104,"column":10}},"24":{"start":{"line":107,"column":4},"end":{"line":107,"column":44}},"25":{"start":{"line":108,"column":4},"end":{"line":108,"column":42}},"26":{"start":{"line":118,"column":16},"end":{"line":137,"column":1}},"27":{"start":{"line":119,"column":11},"end":{"line":119,"column":28}},"28":{"start":{"line":120,"column":2},"end":{"line":136,"column":5}},"29":{"start":{"line":121,"column":4},"end":{"line":128,"column":5}},"30":{"start":{"line":122,"column":6},"end":{"line":127,"column":8}},"31":{"start":{"line":129,"column":4},"end":{"line":133,"column":5}},"32":{"start":{"line":130,"column":6},"end":{"line":132,"column":9}},"33":{"start":{"line":134,"column":4},"end":{"line":134,"column":65}},"34":{"start":{"line":135,"column":4},"end":{"line":135,"column":41}},"35":{"start":{"line":145,"column":15},"end":{"line":170,"column":1}},"36":{"start":{"line":146,"column":20},"end":{"line":150,"column":3}},"37":{"start":{"line":151,"column":2},"end":{"line":169,"column":5}},"38":{"start":{"line":152,"column":4},"end":{"line":161,"column":5}},"39":{"start":{"line":153,"column":6},"end":{"line":157,"column":7}},"40":{"start":{"line":154,"column":8},"end":{"line":156,"column":11}},"41":{"start":{"line":158,"column":6},"end":{"line":160,"column":8}},"42":{"start":{"line":162,"column":4},"end":{"line":166,"column":5}},"43":{"start":{"line":163,"column":6},"end":{"line":165,"column":9}},"44":{"start":{"line":167,"column":4},"end":{"line":167,"column":47}},"45":{"start":{"line":168,"column":4},"end":{"line":168,"column":78}},"46":{"start":{"line":178,"column":18},"end":{"line":194,"column":1}},"47":{"start":{"line":179,"column":11},"end":{"line":179,"column":28}},"48":{"start":{"line":180,"column":2},"end":{"line":193,"column":5}},"49":{"start":{"line":181,"column":4},"end":{"line":185,"column":5}},"50":{"start":{"line":182,"column":6},"end":{"line":184,"column":8}},"51":{"start":{"line":186,"column":4},"end":{"line":190,"column":5}},"52":{"start":{"line":187,"column":6},"end":{"line":189,"column":9}},"53":{"start":{"line":191,"column":4},"end":{"line":191,"column":47}},"54":{"start":{"line":192,"column":4},"end":{"line":192,"column":84}},"55":{"start":{"line":201,"column":27},"end":{"line":213,"column":1}},"56":{"start":{"line":202,"column":14},"end":{"line":202,"column":28}},"57":{"start":{"line":203,"column":2},"end":{"line":212,"column":7}},"58":{"start":{"line":205,"column":6},"end":{"line":205,"column":24}},"59":{"start":{"line":206,"column":6},"end":{"line":206,"column":40}},"60":{"start":{"line":209,"column":6},"end":{"line":211,"column":8}},"61":{"start":{"line":220,"column":26},"end":{"line":233,"column":1}},"62":{"start":{"line":221,"column":14},"end":{"line":221,"column":30}},"63":{"start":{"line":222,"column":17},"end":{"line":222,"column":34}},"64":{"start":{"line":224,"column":2},"end":{"line":232,"column":7}},"65":{"start":{"line":226,"column":6},"end":{"line":226,"column":90}},"66":{"start":{"line":229,"column":6},"end":{"line":231,"column":8}},"67":{"start":{"line":235,"column":0},"end":{"line":244,"column":2}}},"fnMap":{"0":{"name":"(anonymous_0)","decl":{"start":{"line":32,"column":14},"end":{"line":32,"column":15}},"loc":{"start":{"line":32,"column":34},"end":{"line":40,"column":1}},"line":32},"1":{"name":"(anonymous_1)","decl":{"start":{"line":34,"column":33},"end":{"line":34,"column":34}},"loc":{"start":{"line":34,"column":50},"end":{"line":39,"column":3}},"line":34},"2":{"name":"(anonymous_2)","decl":{"start":{"line":48,"column":15},"end":{"line":48,"column":16}},"loc":{"start":{"line":48,"column":35},"end":{"line":69,"column":1}},"line":48},"3":{"name":"(anonymous_3)","decl":{"start":{"line":55,"column":29},"end":{"line":55,"column":30}},"loc":{"start":{"line":55,"column":46},"end":{"line":68,"column":3}},"line":55},"4":{"name":"(anonymous_4)","decl":{"start":{"line":77,"column":16},"end":{"line":77,"column":17}},"loc":{"start":{"line":77,"column":36},"end":{"line":110,"column":1}},"line":77},"5":{"name":"(anonymous_5)","decl":{"start":{"line":78,"column":15},"end":{"line":78,"column":16}},"loc":{"start":{"line":78,"column":32},"end":{"line":109,"column":3}},"line":78},"6":{"name":"(anonymous_6)","decl":{"start":{"line":91,"column":22},"end":{"line":91,"column":23}},"loc":{"start":{"line":91,"column":32},"end":{"line":105,"column":7}},"line":91},"7":{"name":"(anonymous_7)","decl":{"start":{"line":118,"column":16},"end":{"line":118,"column":17}},"loc":{"start":{"line":118,"column":36},"end":{"line":137,"column":1}},"line":118},"8":{"name":"(anonymous_8)","decl":{"start":{"line":120,"column":15},"end":{"line":120,"column":16}},"loc":{"start":{"line":120,"column":32},"end":{"line":136,"column":3}},"line":120},"9":{"name":"(anonymous_9)","decl":{"start":{"line":145,"column":15},"end":{"line":145,"column":16}},"loc":{"start":{"line":145,"column":35},"end":{"line":170,"column":1}},"line":145},"10":{"name":"(anonymous_10)","decl":{"start":{"line":151,"column":26},"end":{"line":151,"column":27}},"loc":{"start":{"line":151,"column":43},"end":{"line":169,"column":3}},"line":151},"11":{"name":"(anonymous_11)","decl":{"start":{"line":178,"column":18},"end":{"line":178,"column":19}},"loc":{"start":{"line":178,"column":38},"end":{"line":194,"column":1}},"line":178},"12":{"name":"(anonymous_12)","decl":{"start":{"line":180,"column":17},"end":{"line":180,"column":18}},"loc":{"start":{"line":180,"column":34},"end":{"line":193,"column":3}},"line":180},"13":{"name":"(anonymous_13)","decl":{"start":{"line":201,"column":27},"end":{"line":201,"column":28}},"loc":{"start":{"line":201,"column":47},"end":{"line":213,"column":1}},"line":201},"14":{"name":"(anonymous_14)","decl":{"start":{"line":204,"column":10},"end":{"line":204,"column":11}},"loc":{"start":{"line":204,"column":20},"end":{"line":207,"column":5}},"line":204},"15":{"name":"(anonymous_15)","decl":{"start":{"line":208,"column":11},"end":{"line":208,"column":12}},"loc":{"start":{"line":208,"column":20},"end":{"line":212,"column":5}},"line":208},"16":{"name":"(anonymous_16)","decl":{"start":{"line":220,"column":26},"end":{"line":220,"column":27}},"loc":{"start":{"line":220,"column":45},"end":{"line":233,"column":1}},"line":220},"17":{"name":"(anonymous_17)","decl":{"start":{"line":225,"column":10},"end":{"line":225,"column":11}},"loc":{"start":{"line":225,"column":20},"end":{"line":227,"column":5}},"line":225},"18":{"name":"(anonymous_18)","decl":{"start":{"line":228,"column":11},"end":{"line":228,"column":12}},"loc":{"start":{"line":228,"column":20},"end":{"line":232,"column":5}},"line":228}},"branchMap":{"0":{"loc":{"start":{"line":35,"column":4},"end":{"line":37,"column":5}},"type":"if","locations":[{"start":{"line":35,"column":4},"end":{"line":37,"column":5}},{"start":{"line":35,"column":4},"end":{"line":37,"column":5}}],"line":35},"1":{"loc":{"start":{"line":56,"column":4},"end":{"line":59,"column":8}},"type":"if","locations":[{"start":{"line":56,"column":4},"end":{"line":59,"column":8}},{"start":{"line":56,"column":4},"end":{"line":59,"column":8}}],"line":56},"2":{"loc":{"start":{"line":79,"column":4},"end":{"line":83,"column":5}},"type":"if","locations":[{"start":{"line":79,"column":4},"end":{"line":83,"column":5}},{"start":{"line":79,"column":4},"end":{"line":83,"column":5}}],"line":79},"3":{"loc":{"start":{"line":84,"column":4},"end":{"line":88,"column":5}},"type":"if","locations":[{"start":{"line":84,"column":4},"end":{"line":88,"column":5}},{"start":{"line":84,"column":4},"end":{"line":88,"column":5}}],"line":84},"4":{"loc":{"start":{"line":121,"column":4},"end":{"line":128,"column":5}},"type":"if","locations":[{"start":{"line":121,"column":4},"end":{"line":128,"column":5}},{"start":{"line":121,"column":4},"end":{"line":128,"column":5}}],"line":121},"5":{"loc":{"start":{"line":129,"column":4},"end":{"line":133,"column":5}},"type":"if","locations":[{"start":{"line":129,"column":4},"end":{"line":133,"column":5}},{"start":{"line":129,"column":4},"end":{"line":133,"column":5}}],"line":129},"6":{"loc":{"start":{"line":152,"column":4},"end":{"line":161,"column":5}},"type":"if","locations":[{"start":{"line":152,"column":4},"end":{"line":161,"column":5}},{"start":{"line":152,"column":4},"end":{"line":161,"column":5}}],"line":152},"7":{"loc":{"start":{"line":153,"column":6},"end":{"line":157,"column":7}},"type":"if","locations":[{"start":{"line":153,"column":6},"end":{"line":157,"column":7}},{"start":{"line":153,"column":6},"end":{"line":157,"column":7}}],"line":153},"8":{"loc":{"start":{"line":162,"column":4},"end":{"line":166,"column":5}},"type":"if","locations":[{"start":{"line":162,"column":4},"end":{"line":166,"column":5}},{"start":{"line":162,"column":4},"end":{"line":166,"column":5}}],"line":162},"9":{"loc":{"start":{"line":181,"column":4},"end":{"line":185,"column":5}},"type":"if","locations":[{"start":{"line":181,"column":4},"end":{"line":185,"column":5}},{"start":{"line":181,"column":4},"end":{"line":185,"column":5}}],"line":181},"10":{"loc":{"start":{"line":186,"column":4},"end":{"line":190,"column":5}},"type":"if","locations":[{"start":{"line":186,"column":4},"end":{"line":190,"column":5}},{"start":{"line":186,"column":4},"end":{"line":190,"column":5}}],"line":186}},"s":{"0":1,"1":1,"2":1,"3":1,"4":22,"5":22,"6":22,"7":1,"8":21,"9":1,"10":2,"11":2,"12":2,"13":2,"14":0,"15":0,"16":1,"17":1,"18":1,"19":0,"20":1,"21":0,"22":1,"23":4,"24":1,"25":1,"26":1,"27":2,"28":2,"29":2,"30":0,"31":2,"32":1,"33":1,"34":1,"35":1,"36":2,"37":2,"38":2,"39":0,"40":0,"41":0,"42":2,"43":1,"44":1,"45":1,"46":1,"47":2,"48":2,"49":2,"50":1,"51":1,"52":1,"53":0,"54":0,"55":1,"56":0,"57":0,"58":0,"59":0,"60":0,"61":1,"62":0,"63":0,"64":0,"65":0,"66":0,"67":1},"f":{"0":22,"1":22,"2":2,"3":2,"4":1,"5":1,"6":4,"7":2,"8":2,"9":2,"10":2,"11":2,"12":2,"13":0,"14":0,"15":0,"16":0,"17":0,"18":0},"b":{"0":[1,21],"1":[2,0],"2":[0,1],"3":[0,1],"4":[0,2],"5":[1,1],"6":[0,2],"7":[0,0],"8":[1,1],"9":[1,1],"10":[1,0]},"_coverageSchema":"1a1c01bbd47fc00a2c39e90264f33305004495a9","hash":"b2172e432f3d429f2a59c46c993165c894fe5d57","contentHash":"f7cb6aeb465b2ac9cbe4a7432cecd46b9d0eba10dfc3e1d84cc45fcf9cfb1b16"},"C:\\Users\\mohammad.musthafa_ym\\Desktop\\notes-node-project\\app\\service\\user.service.js":{"path":"C:\\Users\\mohammad.musthafa_ym\\Desktop\\notes-node-project\\app\\service\\user.service.js","statementMap":{"0":{"start":{"line":22,"column":4},"end":{"line":22,"column":38}},"1":{"start":{"line":23,"column":24},"end":{"line":23,"column":54}},"2":{"start":{"line":24,"column":35},"end":{"line":24,"column":71}},"3":{"start":{"line":25,"column":15},"end":{"line":25,"column":32}},"4":{"start":{"line":26,"column":19},"end":{"line":26,"column":51}},"5":{"start":{"line":34,"column":22},"end":{"line":45,"column":1}},"6":{"start":{"line":35,"column":2},"end":{"line":44,"column":5}},"7":{"start":{"line":36,"column":4},"end":{"line":43,"column":5}},"8":{"start":{"line":37,"column":6},"end":{"line":37,"column":26}},"9":{"start":{"line":39,"column":6},"end":{"line":39,"column":55}},"10":{"start":{"line":40,"column":6},"end":{"line":42,"column":9}},"11":{"start":{"line":41,"column":8},"end":{"line":41,"column":68}},"12":{"start":{"line":52,"column":21},"end":{"line":56,"column":1}},"13":{"start":{"line":53,"column":2},"end":{"line":55,"column":5}},"14":{"start":{"line":54,"column":4},"end":{"line":54,"column":64}},"15":{"start":{"line":64,"column":17},"end":{"line":68,"column":1}},"16":{"start":{"line":65,"column":2},"end":{"line":67,"column":5}},"17":{"start":{"line":66,"column":4},"end":{"line":66,"column":64}},"18":{"start":{"line":76,"column":19},"end":{"line":80,"column":1}},"19":{"start":{"line":77,"column":2},"end":{"line":79,"column":5}},"20":{"start":{"line":78,"column":4},"end":{"line":78,"column":64}},"21":{"start":{"line":88,"column":19},"end":{"line":92,"column":1}},"22":{"start":{"line":89,"column":2},"end":{"line":91,"column":5}},"23":{"start":{"line":90,"column":4},"end":{"line":90,"column":64}},"24":{"start":{"line":101,"column":22},"end":{"line":116,"column":1}},"25":{"start":{"line":102,"column":2},"end":{"line":115,"column":5}},"26":{"start":{"line":103,"column":4},"end":{"line":114,"column":5}},"27":{"start":{"line":104,"column":6},"end":{"line":111,"column":9}},"28":{"start":{"line":105,"column":8},"end":{"line":110,"column":9}},"29":{"start":{"line":106,"column":10},"end":{"line":106,"column":32}},"30":{"start":{"line":108,"column":22},"end":{"line":108,"column":39}},"31":{"start":{"line":109,"column":10},"end":{"line":109,"column":39}},"32":{"start":{"line":113,"column":6},"end":{"line":113,"column":30}},"33":{"start":{"line":123,"column":19},"end":{"line":139,"column":1}},"34":{"start":{"line":124,"column":2},"end":{"line":138,"column":4}},"35":{"start":{"line":126,"column":16},"end":{"line":126,"column":39}},"36":{"start":{"line":127,"column":4},"end":{"line":134,"column":6}},"37":{"start":{"line":129,"column":6},"end":{"line":129,"column":24}},"38":{"start":{"line":130,"column":6},"end":{"line":130,"column":17}},"39":{"start":{"line":133,"column":6},"end":{"line":133,"column":15}},"40":{"start":{"line":137,"column":4},"end":{"line":137,"column":13}},"41":{"start":{"line":147,"column":22},"end":{"line":155,"column":1}},"42":{"start":{"line":148,"column":2},"end":{"line":154,"column":4}},"43":{"start":{"line":150,"column":4},"end":{"line":150,"column":16}},"44":{"start":{"line":153,"column":4},"end":{"line":153,"column":14}},"45":{"start":{"line":157,"column":0},"end":{"line":167,"column":2}}},"fnMap":{"0":{"name":"(anonymous_0)","decl":{"start":{"line":34,"column":22},"end":{"line":34,"column":23}},"loc":{"start":{"line":34,"column":49},"end":{"line":45,"column":1}},"line":34},"1":{"name":"(anonymous_1)","decl":{"start":{"line":35,"column":35},"end":{"line":35,"column":36}},"loc":{"start":{"line":35,"column":50},"end":{"line":44,"column":3}},"line":35},"2":{"name":"(anonymous_2)","decl":{"start":{"line":40,"column":30},"end":{"line":40,"column":31}},"loc":{"start":{"line":40,"column":47},"end":{"line":42,"column":7}},"line":40},"3":{"name":"(anonymous_3)","decl":{"start":{"line":52,"column":21},"end":{"line":52,"column":22}},"loc":{"start":{"line":52,"column":35},"end":{"line":56,"column":1}},"line":52},"4":{"name":"(anonymous_4)","decl":{"start":{"line":53,"column":12},"end":{"line":53,"column":13}},"loc":{"start":{"line":53,"column":29},"end":{"line":55,"column":3}},"line":53},"5":{"name":"(anonymous_5)","decl":{"start":{"line":64,"column":17},"end":{"line":64,"column":18}},"loc":{"start":{"line":64,"column":39},"end":{"line":68,"column":1}},"line":64},"6":{"name":"(anonymous_6)","decl":{"start":{"line":65,"column":25},"end":{"line":65,"column":26}},"loc":{"start":{"line":65,"column":42},"end":{"line":67,"column":3}},"line":65},"7":{"name":"(anonymous_7)","decl":{"start":{"line":76,"column":19},"end":{"line":76,"column":20}},"loc":{"start":{"line":76,"column":46},"end":{"line":80,"column":1}},"line":76},"8":{"name":"(anonymous_8)","decl":{"start":{"line":77,"column":39},"end":{"line":77,"column":40}},"loc":{"start":{"line":77,"column":56},"end":{"line":79,"column":3}},"line":77},"9":{"name":"(anonymous_9)","decl":{"start":{"line":88,"column":19},"end":{"line":88,"column":20}},"loc":{"start":{"line":88,"column":41},"end":{"line":92,"column":1}},"line":88},"10":{"name":"(anonymous_10)","decl":{"start":{"line":89,"column":24},"end":{"line":89,"column":25}},"loc":{"start":{"line":89,"column":41},"end":{"line":91,"column":3}},"line":89},"11":{"name":"(anonymous_11)","decl":{"start":{"line":101,"column":22},"end":{"line":101,"column":23}},"loc":{"start":{"line":101,"column":53},"end":{"line":116,"column":1}},"line":101},"12":{"name":"(anonymous_12)","decl":{"start":{"line":102,"column":19},"end":{"line":102,"column":20}},"loc":{"start":{"line":102,"column":36},"end":{"line":115,"column":3}},"line":102},"13":{"name":"(anonymous_13)","decl":{"start":{"line":104,"column":42},"end":{"line":104,"column":43}},"loc":{"start":{"line":104,"column":61},"end":{"line":111,"column":7}},"line":104},"14":{"name":"(anonymous_14)","decl":{"start":{"line":123,"column":19},"end":{"line":123,"column":20}},"loc":{"start":{"line":123,"column":29},"end":{"line":139,"column":1}},"line":123},"15":{"name":"(anonymous_15)","decl":{"start":{"line":125,"column":8},"end":{"line":125,"column":9}},"loc":{"start":{"line":125,"column":16},"end":{"line":135,"column":3}},"line":125},"16":{"name":"(anonymous_16)","decl":{"start":{"line":128,"column":10},"end":{"line":128,"column":11}},"loc":{"start":{"line":128,"column":17},"end":{"line":131,"column":5}},"line":128},"17":{"name":"(anonymous_17)","decl":{"start":{"line":132,"column":11},"end":{"line":132,"column":12}},"loc":{"start":{"line":132,"column":17},"end":{"line":134,"column":5}},"line":132},"18":{"name":"(anonymous_18)","decl":{"start":{"line":136,"column":9},"end":{"line":136,"column":10}},"loc":{"start":{"line":136,"column":16},"end":{"line":138,"column":3}},"line":136},"19":{"name":"(anonymous_19)","decl":{"start":{"line":147,"column":22},"end":{"line":147,"column":23}},"loc":{"start":{"line":147,"column":41},"end":{"line":155,"column":1}},"line":147},"20":{"name":"(anonymous_20)","decl":{"start":{"line":149,"column":8},"end":{"line":149,"column":9}},"loc":{"start":{"line":149,"column":16},"end":{"line":151,"column":3}},"line":149},"21":{"name":"(anonymous_21)","decl":{"start":{"line":152,"column":9},"end":{"line":152,"column":10}},"loc":{"start":{"line":152,"column":16},"end":{"line":154,"column":3}},"line":152}},"branchMap":{"0":{"loc":{"start":{"line":36,"column":4},"end":{"line":43,"column":5}},"type":"if","locations":[{"start":{"line":36,"column":4},"end":{"line":43,"column":5}},{"start":{"line":36,"column":4},"end":{"line":43,"column":5}}],"line":36},"1":{"loc":{"start":{"line":41,"column":15},"end":{"line":41,"column":67}},"type":"cond-expr","locations":[{"start":{"line":41,"column":23},"end":{"line":41,"column":44}},{"start":{"line":41,"column":47},"end":{"line":41,"column":67}}],"line":41},"2":{"loc":{"start":{"line":54,"column":11},"end":{"line":54,"column":63}},"type":"cond-expr","locations":[{"start":{"line":54,"column":19},"end":{"line":54,"column":40}},{"start":{"line":54,"column":43},"end":{"line":54,"column":63}}],"line":54},"3":{"loc":{"start":{"line":66,"column":11},"end":{"line":66,"column":63}},"type":"cond-expr","locations":[{"start":{"line":66,"column":19},"end":{"line":66,"column":40}},{"start":{"line":66,"column":43},"end":{"line":66,"column":63}}],"line":66},"4":{"loc":{"start":{"line":78,"column":11},"end":{"line":78,"column":63}},"type":"cond-expr","locations":[{"start":{"line":78,"column":19},"end":{"line":78,"column":40}},{"start":{"line":78,"column":43},"end":{"line":78,"column":63}}],"line":78},"5":{"loc":{"start":{"line":90,"column":11},"end":{"line":90,"column":63}},"type":"cond-expr","locations":[{"start":{"line":90,"column":19},"end":{"line":90,"column":40}},{"start":{"line":90,"column":43},"end":{"line":90,"column":63}}],"line":90},"6":{"loc":{"start":{"line":103,"column":4},"end":{"line":114,"column":5}},"type":"if","locations":[{"start":{"line":103,"column":4},"end":{"line":114,"column":5}},{"start":{"line":103,"column":4},"end":{"line":114,"column":5}}],"line":103},"7":{"loc":{"start":{"line":105,"column":8},"end":{"line":110,"column":9}},"type":"if","locations":[{"start":{"line":105,"column":8},"end":{"line":110,"column":9}},{"start":{"line":105,"column":8},"end":{"line":110,"column":9}}],"line":105}},"s":{"0":1,"1":1,"2":1,"3":1,"4":1,"5":1,"6":2,"7":2,"8":0,"9":2,"10":2,"11":2,"12":1,"13":1,"14":1,"15":1,"16":2,"17":2,"18":1,"19":2,"20":2,"21":1,"22":2,"23":2,"24":1,"25":22,"26":22,"27":22,"28":22,"29":1,"30":21,"31":21,"32":0,"33":1,"34":0,"35":0,"36":0,"37":0,"38":0,"39":0,"40":0,"41":1,"42":0,"43":0,"44":0,"45":1},"f":{"0":2,"1":2,"2":2,"3":1,"4":1,"5":2,"6":2,"7":2,"8":2,"9":2,"10":2,"11":22,"12":22,"13":22,"14":0,"15":0,"16":0,"17":0,"18":0,"19":0,"20":0,"21":0},"b":{"0":[0,2],"1":[2,0],"2":[0,1],"3":[0,2],"4":[0,2],"5":[1,1],"6":[22,0],"7":[1,21]},"_coverageSchema":"1a1c01bbd47fc00a2c39e90264f33305004495a9","hash":"04291fe89d3308350795e1751705b969137dffe9","contentHash":"676e315be4788abb62b18939d8ed5d35c94230ebfca8b2ed37f7fb42c07cadf3"},"C:\\Users\\mohammad.musthafa_ym\\Desktop\\notes-node-project\\app\\models\\user.model.js":{"path":"C:\\Users\\mohammad.musthafa_ym\\Desktop\\notes-node-project\\app\\models\\user.model.js","statementMap":{"0":{"start":{"line":13,"column":17},"end":{"line":13,"column":36}},"1":{"start":{"line":14,"column":15},"end":{"line":14,"column":32}},"2":{"start":{"line":15,"column":15},"end":{"line":15,"column":32}},"3":{"start":{"line":18,"column":19},"end":{"line":30,"column":1}},"4":{"start":{"line":32,"column":13},"end":{"line":32,"column":47}},"5":{"start":{"line":40,"column":19},"end":{"line":51,"column":1}},"6":{"start":{"line":41,"column":15},"end":{"line":46,"column":4}},"7":{"start":{"line":48,"column":2},"end":{"line":50,"column":5}},"8":{"start":{"line":49,"column":4},"end":{"line":49,"column":64}},"9":{"start":{"line":58,"column":18},"end":{"line":62,"column":1}},"10":{"start":{"line":59,"column":2},"end":{"line":61,"column":5}},"11":{"start":{"line":60,"column":4},"end":{"line":60,"column":64}},"12":{"start":{"line":70,"column":23},"end":{"line":74,"column":1}},"13":{"start":{"line":71,"column":2},"end":{"line":73,"column":5}},"14":{"start":{"line":72,"column":4},"end":{"line":72,"column":64}},"15":{"start":{"line":82,"column":32},"end":{"line":97,"column":1}},"16":{"start":{"line":83,"column":2},"end":{"line":96,"column":4}},"17":{"start":{"line":94,"column":6},"end":{"line":94,"column":66}},"18":{"start":{"line":105,"column":22},"end":{"line":109,"column":1}},"19":{"start":{"line":106,"column":2},"end":{"line":108,"column":5}},"20":{"start":{"line":107,"column":4},"end":{"line":107,"column":64}},"21":{"start":{"line":117,"column":18},"end":{"line":121,"column":1}},"22":{"start":{"line":118,"column":2},"end":{"line":120,"column":5}},"23":{"start":{"line":119,"column":4},"end":{"line":119,"column":64}},"24":{"start":{"line":128,"column":23},"end":{"line":154,"column":1}},"25":{"start":{"line":129,"column":2},"end":{"line":153,"column":7}},"26":{"start":{"line":132,"column":6},"end":{"line":149,"column":7}},"27":{"start":{"line":133,"column":8},"end":{"line":133,"column":32}},"28":{"start":{"line":137,"column":20},"end":{"line":137,"column":58}},"29":{"start":{"line":138,"column":8},"end":{"line":138,"column":40}},"30":{"start":{"line":139,"column":8},"end":{"line":139,"column":57}},"31":{"start":{"line":140,"column":8},"end":{"line":140,"column":26}},"32":{"start":{"line":141,"column":8},"end":{"line":147,"column":10}},"33":{"start":{"line":143,"column":10},"end":{"line":143,"column":22}},"34":{"start":{"line":146,"column":10},"end":{"line":146,"column":20}},"35":{"start":{"line":152,"column":6},"end":{"line":152,"column":16}},"36":{"start":{"line":162,"column":18},"end":{"line":185,"column":1}},"37":{"start":{"line":163,"column":2},"end":{"line":184,"column":7}},"38":{"start":{"line":166,"column":6},"end":{"line":180,"column":7}},"39":{"start":{"line":167,"column":8},"end":{"line":167,"column":32}},"40":{"start":{"line":169,"column":8},"end":{"line":169,"column":61}},"41":{"start":{"line":170,"column":8},"end":{"line":170,"column":41}},"42":{"start":{"line":171,"column":8},"end":{"line":171,"column":43}},"43":{"start":{"line":172,"column":8},"end":{"line":179,"column":13}},"44":{"start":{"line":175,"column":12},"end":{"line":175,"column":24}},"45":{"start":{"line":178,"column":12},"end":{"line":178,"column":22}},"46":{"start":{"line":183,"column":6},"end":{"line":183,"column":16}},"47":{"start":{"line":187,"column":0},"end":{"line":196,"column":2}}},"fnMap":{"0":{"name":"(anonymous_0)","decl":{"start":{"line":40,"column":19},"end":{"line":40,"column":20}},"loc":{"start":{"line":40,"column":46},"end":{"line":51,"column":1}},"line":40},"1":{"name":"(anonymous_1)","decl":{"start":{"line":48,"column":23},"end":{"line":48,"column":24}},"loc":{"start":{"line":48,"column":40},"end":{"line":50,"column":3}},"line":48},"2":{"name":"(anonymous_2)","decl":{"start":{"line":58,"column":18},"end":{"line":58,"column":19}},"loc":{"start":{"line":58,"column":32},"end":{"line":62,"column":1}},"line":58},"3":{"name":"(anonymous_3)","decl":{"start":{"line":59,"column":23},"end":{"line":59,"column":24}},"loc":{"start":{"line":59,"column":40},"end":{"line":61,"column":3}},"line":59},"4":{"name":"(anonymous_4)","decl":{"start":{"line":70,"column":23},"end":{"line":70,"column":24}},"loc":{"start":{"line":70,"column":41},"end":{"line":74,"column":1}},"line":70},"5":{"name":"(anonymous_5)","decl":{"start":{"line":71,"column":27},"end":{"line":71,"column":28}},"loc":{"start":{"line":71,"column":44},"end":{"line":73,"column":3}},"line":71},"6":{"name":"(anonymous_6)","decl":{"start":{"line":82,"column":32},"end":{"line":82,"column":33}},"loc":{"start":{"line":82,"column":59},"end":{"line":97,"column":1}},"line":82},"7":{"name":"(anonymous_7)","decl":{"start":{"line":93,"column":4},"end":{"line":93,"column":5}},"loc":{"start":{"line":93,"column":21},"end":{"line":95,"column":5}},"line":93},"8":{"name":"(anonymous_8)","decl":{"start":{"line":105,"column":22},"end":{"line":105,"column":23}},"loc":{"start":{"line":105,"column":40},"end":{"line":109,"column":1}},"line":105},"9":{"name":"(anonymous_9)","decl":{"start":{"line":106,"column":36},"end":{"line":106,"column":37}},"loc":{"start":{"line":106,"column":53},"end":{"line":108,"column":3}},"line":106},"10":{"name":"(anonymous_10)","decl":{"start":{"line":117,"column":18},"end":{"line":117,"column":19}},"loc":{"start":{"line":117,"column":39},"end":{"line":121,"column":1}},"line":117},"11":{"name":"(anonymous_11)","decl":{"start":{"line":118,"column":40},"end":{"line":118,"column":41}},"loc":{"start":{"line":118,"column":57},"end":{"line":120,"column":3}},"line":118},"12":{"name":"(anonymous_12)","decl":{"start":{"line":128,"column":23},"end":{"line":128,"column":24}},"loc":{"start":{"line":128,"column":34},"end":{"line":154,"column":1}},"line":128},"13":{"name":"(anonymous_13)","decl":{"start":{"line":131,"column":10},"end":{"line":131,"column":11}},"loc":{"start":{"line":131,"column":20},"end":{"line":150,"column":5}},"line":131},"14":{"name":"(anonymous_14)","decl":{"start":{"line":142,"column":14},"end":{"line":142,"column":15}},"loc":{"start":{"line":142,"column":21},"end":{"line":144,"column":9}},"line":142},"15":{"name":"(anonymous_15)","decl":{"start":{"line":145,"column":15},"end":{"line":145,"column":16}},"loc":{"start":{"line":145,"column":21},"end":{"line":147,"column":9}},"line":145},"16":{"name":"(anonymous_16)","decl":{"start":{"line":151,"column":11},"end":{"line":151,"column":12}},"loc":{"start":{"line":151,"column":20},"end":{"line":153,"column":5}},"line":151},"17":{"name":"(anonymous_17)","decl":{"start":{"line":162,"column":18},"end":{"line":162,"column":19}},"loc":{"start":{"line":162,"column":42},"end":{"line":185,"column":1}},"line":162},"18":{"name":"(anonymous_18)","decl":{"start":{"line":165,"column":10},"end":{"line":165,"column":11}},"loc":{"start":{"line":165,"column":20},"end":{"line":181,"column":5}},"line":165},"19":{"name":"(anonymous_19)","decl":{"start":{"line":174,"column":16},"end":{"line":174,"column":17}},"loc":{"start":{"line":174,"column":26},"end":{"line":176,"column":11}},"line":174},"20":{"name":"(anonymous_20)","decl":{"start":{"line":177,"column":17},"end":{"line":177,"column":18}},"loc":{"start":{"line":177,"column":26},"end":{"line":179,"column":11}},"line":177},"21":{"name":"(anonymous_21)","decl":{"start":{"line":182,"column":11},"end":{"line":182,"column":12}},"loc":{"start":{"line":182,"column":20},"end":{"line":184,"column":5}},"line":182}},"branchMap":{"0":{"loc":{"start":{"line":49,"column":11},"end":{"line":49,"column":63}},"type":"cond-expr","locations":[{"start":{"line":49,"column":19},"end":{"line":49,"column":40}},{"start":{"line":49,"column":43},"end":{"line":49,"column":63}}],"line":49},"1":{"loc":{"start":{"line":60,"column":11},"end":{"line":60,"column":63}},"type":"cond-expr","locations":[{"start":{"line":60,"column":19},"end":{"line":60,"column":40}},{"start":{"line":60,"column":43},"end":{"line":60,"column":63}}],"line":60},"2":{"loc":{"start":{"line":72,"column":11},"end":{"line":72,"column":63}},"type":"cond-expr","locations":[{"start":{"line":72,"column":19},"end":{"line":72,"column":40}},{"start":{"line":72,"column":43},"end":{"line":72,"column":63}}],"line":72},"3":{"loc":{"start":{"line":94,"column":13},"end":{"line":94,"column":65}},"type":"cond-expr","locations":[{"start":{"line":94,"column":21},"end":{"line":94,"column":42}},{"start":{"line":94,"column":45},"end":{"line":94,"column":65}}],"line":94},"4":{"loc":{"start":{"line":107,"column":11},"end":{"line":107,"column":63}},"type":"cond-expr","locations":[{"start":{"line":107,"column":19},"end":{"line":107,"column":40}},{"start":{"line":107,"column":43},"end":{"line":107,"column":63}}],"line":107},"5":{"loc":{"start":{"line":119,"column":11},"end":{"line":119,"column":63}},"type":"cond-expr","locations":[{"start":{"line":119,"column":19},"end":{"line":119,"column":40}},{"start":{"line":119,"column":43},"end":{"line":119,"column":63}}],"line":119},"6":{"loc":{"start":{"line":132,"column":6},"end":{"line":149,"column":7}},"type":"if","locations":[{"start":{"line":132,"column":6},"end":{"line":149,"column":7}},{"start":{"line":132,"column":6},"end":{"line":149,"column":7}}],"line":132},"7":{"loc":{"start":{"line":166,"column":6},"end":{"line":180,"column":7}},"type":"if","locations":[{"start":{"line":166,"column":6},"end":{"line":180,"column":7}},{"start":{"line":166,"column":6},"end":{"line":180,"column":7}}],"line":166}},"s":{"0":1,"1":1,"2":1,"3":1,"4":1,"5":1,"6":2,"7":2,"8":2,"9":1,"10":1,"11":1,"12":1,"13":2,"14":2,"15":1,"16":2,"17":2,"18":1,"19":2,"20":2,"21":1,"22":22,"23":22,"24":1,"25":0,"26":0,"27":0,"28":0,"29":0,"30":0,"31":0,"32":0,"33":0,"34":0,"35":0,"36":1,"37":0,"38":0,"39":0,"40":0,"41":0,"42":0,"43":0,"44":0,"45":0,"46":0,"47":1},"f":{"0":2,"1":2,"2":1,"3":1,"4":2,"5":2,"6":2,"7":2,"8":2,"9":2,"10":22,"11":22,"12":0,"13":0,"14":0,"15":0,"16":0,"17":0,"18":0,"19":0,"20":0,"21":0},"b":{"0":[2,0],"1":[0,1],"2":[0,2],"3":[0,2],"4":[1,1],"5":[0,22],"6":[0,0],"7":[0,0]},"_coverageSchema":"1a1c01bbd47fc00a2c39e90264f33305004495a9","hash":"30e720b7c8a688a6af38a628e8eac836400589b7","contentHash":"f63cc8a071e3bbdade7e3672d423fb3918f0a6d46aa774023f166e656e5484ad"},"C:\\Users\\mohammad.musthafa_ym\\Desktop\\notes-node-project\\app\\utility\\user.bcrypt.js":{"path":"C:\\Users\\mohammad.musthafa_ym\\Desktop\\notes-node-project\\app\\utility\\user.bcrypt.js","statementMap":{"0":{"start":{"line":13,"column":15},"end":{"line":13,"column":32}},"1":{"start":{"line":20,"column":19},"end":{"line":28,"column":1}},"2":{"start":{"line":21,"column":2},"end":{"line":27,"column":5}},"3":{"start":{"line":22,"column":4},"end":{"line":26,"column":5}},"4":{"start":{"line":23,"column":6},"end":{"line":23,"column":26}},"5":{"start":{"line":25,"column":6},"end":{"line":25,"column":34}},"6":{"start":{"line":36,"column":19},"end":{"line":44,"column":1}},"7":{"start":{"line":37,"column":2},"end":{"line":43,"column":5}},"8":{"start":{"line":38,"column":4},"end":{"line":42,"column":5}},"9":{"start":{"line":39,"column":6},"end":{"line":39,"column":26}},"10":{"start":{"line":41,"column":6},"end":{"line":41,"column":74}},"11":{"start":{"line":45,"column":0},"end":{"line":45,"column":44}}},"fnMap":{"0":{"name":"(anonymous_0)","decl":{"start":{"line":20,"column":19},"end":{"line":20,"column":20}},"loc":{"start":{"line":20,"column":43},"end":{"line":28,"column":1}},"line":20},"1":{"name":"(anonymous_1)","decl":{"start":{"line":21,"column":28},"end":{"line":21,"column":29}},"loc":{"start":{"line":21,"column":43},"end":{"line":27,"column":3}},"line":21},"2":{"name":"(anonymous_2)","decl":{"start":{"line":36,"column":19},"end":{"line":36,"column":20}},"loc":{"start":{"line":36,"column":57},"end":{"line":44,"column":1}},"line":36},"3":{"name":"(anonymous_3)","decl":{"start":{"line":37,"column":41},"end":{"line":37,"column":42}},"loc":{"start":{"line":37,"column":58},"end":{"line":43,"column":3}},"line":37}},"branchMap":{"0":{"loc":{"start":{"line":22,"column":4},"end":{"line":26,"column":5}},"type":"if","locations":[{"start":{"line":22,"column":4},"end":{"line":26,"column":5}},{"start":{"line":22,"column":4},"end":{"line":26,"column":5}}],"line":22},"1":{"loc":{"start":{"line":38,"column":4},"end":{"line":42,"column":5}},"type":"if","locations":[{"start":{"line":38,"column":4},"end":{"line":42,"column":5}},{"start":{"line":38,"column":4},"end":{"line":42,"column":5}}],"line":38},"2":{"loc":{"start":{"line":41,"column":13},"end":{"line":41,"column":73}},"type":"cond-expr","locations":[{"start":{"line":41,"column":22},"end":{"line":41,"column":42}},{"start":{"line":41,"column":45},"end":{"line":41,"column":73}}],"line":41}},"s":{"0":1,"1":1,"2":2,"3":2,"4":0,"5":2,"6":1,"7":22,"8":22,"9":0,"10":22,"11":1},"f":{"0":2,"1":2,"2":22,"3":22},"b":{"0":[0,2],"1":[0,22],"2":[21,1]},"_coverageSchema":"1a1c01bbd47fc00a2c39e90264f33305004495a9","hash":"a47fa5347abbadb8c1e4e3ee5b53fdf61c8c18c5","contentHash":"9e83cc9edcd4d5e43fa27fab5bacb5ae0fe2b822d1b973a59b924ab192a5d424"},"C:\\Users\\mohammad.musthafa_ym\\Desktop\\notes-node-project\\app\\utility\\nodemailer.js":{"path":"C:\\Users\\mohammad.musthafa_ym\\Desktop\\notes-node-project\\app\\utility\\nodemailer.js","statementMap":{"0":{"start":{"line":13,"column":17},"end":{"line":13,"column":38}},"1":{"start":{"line":14,"column":0},"end":{"line":14,"column":26}},"2":{"start":{"line":22,"column":17},"end":{"line":47,"column":1}},"3":{"start":{"line":23,"column":20},"end":{"line":31,"column":4}},"4":{"start":{"line":33,"column":20},"end":{"line":38,"column":3}},"5":{"start":{"line":40,"column":2},"end":{"line":46,"column":4}},"6":{"start":{"line":42,"column":6},"end":{"line":42,"column":17}},"7":{"start":{"line":45,"column":4},"end":{"line":45,"column":14}},"8":{"start":{"line":49,"column":0},"end":{"line":49,"column":27}}},"fnMap":{"0":{"name":"(anonymous_0)","decl":{"start":{"line":22,"column":17},"end":{"line":22,"column":18}},"loc":{"start":{"line":22,"column":34},"end":{"line":47,"column":1}},"line":22},"1":{"name":"(anonymous_1)","decl":{"start":{"line":41,"column":8},"end":{"line":41,"column":9}},"loc":{"start":{"line":41,"column":17},"end":{"line":43,"column":3}},"line":41},"2":{"name":"(anonymous_2)","decl":{"start":{"line":44,"column":9},"end":{"line":44,"column":10}},"loc":{"start":{"line":44,"column":16},"end":{"line":46,"column":3}},"line":44}},"branchMap":{},"s":{"0":1,"1":1,"2":1,"3":0,"4":0,"5":0,"6":0,"7":0,"8":1},"f":{"0":0,"1":0,"2":0},"b":{},"_coverageSchema":"1a1c01bbd47fc00a2c39e90264f33305004495a9","hash":"f90cf8e61c2c804ccf4412015a4ecebb41eb8e5b","contentHash":"921f1cdfcc856db5ab7aa2ea82fd6dd4447738eab85dc062c3de22ccd9e1c486"},"C:\\Users\\mohammad.musthafa_ym\\Desktop\\notes-node-project\\app\\validation\\user.validation.js":{"path":"C:\\Users\\mohammad.musthafa_ym\\Desktop\\notes-node-project\\app\\validation\\user.validation.js","statementMap":{"0":{"start":{"line":13,"column":23},"end":{"line":13,"column":50}},"1":{"start":{"line":22,"column":0},"end":{"line":28,"column":2}},"2":{"start":{"line":23,"column":16},"end":{"line":23,"column":45}},"3":{"start":{"line":24,"column":2},"end":{"line":26,"column":3}},"4":{"start":{"line":25,"column":4},"end":{"line":25,"column":66}},"5":{"start":{"line":27,"column":2},"end":{"line":27,"column":9}}},"fnMap":{"0":{"name":"(anonymous_0)","decl":{"start":{"line":22,"column":17},"end":{"line":22,"column":18}},"loc":{"start":{"line":22,"column":37},"end":{"line":28,"column":1}},"line":22}},"branchMap":{"0":{"loc":{"start":{"line":24,"column":2},"end":{"line":26,"column":3}},"type":"if","locations":[{"start":{"line":24,"column":2},"end":{"line":26,"column":3}},{"start":{"line":24,"column":2},"end":{"line":26,"column":3}}],"line":24}},"s":{"0":1,"1":1,"2":4,"3":4,"4":0,"5":4},"f":{"0":4},"b":{"0":[0,4]},"_coverageSchema":"1a1c01bbd47fc00a2c39e90264f33305004495a9","hash":"df7b8c36cb3ec2e66dc1d514d1e9167b89a14061","contentHash":"c47f8c3d4d193768147080dec7802645b71a6bb340f8d02eed3ba478509f77c4"},"C:\\Users\\mohammad.musthafa_ym\\Desktop\\notes-node-project\\app\\validation\\user.schema.js":{"path":"C:\\Users\\mohammad.musthafa_ym\\Desktop\\notes-node-project\\app\\validation\\user.schema.js","statementMap":{"0":{"start":{"line":13,"column":12},"end":{"line":13,"column":32}},"1":{"start":{"line":19,"column":19},"end":{"line":26,"column":2}},"2":{"start":{"line":28,"column":0},"end":{"line":28,"column":32}}},"fnMap":{},"branchMap":{},"s":{"0":1,"1":1,"2":1},"f":{},"b":{},"_coverageSchema":"1a1c01bbd47fc00a2c39e90264f33305004495a9","hash":"c9dddfa7c54f838f4a7c3b6cbe37f56c7770d2d4","contentHash":"1348662dd881e87ee19da07bdf0a95baed5c024f411260216b17a8e291e9c597"},"C:\\Users\\mohammad.musthafa_ym\\Desktop\\notes-node-project\\app\\routes\\label.routes.js":{"path":"C:\\Users\\mohammad.musthafa_ym\\Desktop\\notes-node-project\\app\\routes\\label.routes.js","statementMap":{"0":{"start":{"line":13,"column":16},"end":{"line":13,"column":34}},"1":{"start":{"line":14,"column":15},"end":{"line":14,"column":31}},"2":{"start":{"line":16,"column":15},"end":{"line":16,"column":60}},"3":{"start":{"line":20,"column":4},"end":{"line":20,"column":48}},"4":{"start":{"line":21,"column":18},"end":{"line":21,"column":36}},"5":{"start":{"line":24,"column":0},"end":{"line":24,"column":62}},"6":{"start":{"line":27,"column":0},"end":{"line":27,"column":47}},"7":{"start":{"line":30,"column":0},"end":{"line":30,"column":55}},"8":{"start":{"line":33,"column":0},"end":{"line":33,"column":69}},"9":{"start":{"line":36,"column":0},"end":{"line":36,"column":60}},"10":{"start":{"line":38,"column":0},"end":{"line":38,"column":24}}},"fnMap":{},"branchMap":{},"s":{"0":1,"1":1,"2":1,"3":1,"4":1,"5":1,"6":1,"7":1,"8":1,"9":1,"10":1},"f":{},"b
[...]
":4},"end":{"line":129,"column":5}},"38":{"start":{"line":126,"column":6},"end":{"line":128,"column":9}},"39":{"start":{"line":130,"column":4},"end":{"line":130,"column":49}},"40":{"start":{"line":131,"column":4},"end":{"line":133,"column":68}},"41":{"start":{"line":135,"column":6},"end":{"line":139,"column":7}},"42":{"start":{"line":136,"column":8},"end":{"line":138,"column":11}},"43":{"start":{"line":140,"column":6},"end":{"line":140,"column":75}},"44":{"start":{"line":150,"column":18},"end":{"line":169,"column":1}},"45":{"start":{"line":151,"column":11},"end":{"line":151,"column":29}},"46":{"start":{"line":152,"column":15},"end":{"line":152,"column":30}},"47":{"start":{"line":153,"column":2},"end":{"line":168,"column":3}},"48":{"start":{"line":154,"column":19},"end":{"line":154,"column":47}},"49":{"start":{"line":155,"column":6},"end":{"line":159,"column":7}},"50":{"start":{"line":156,"column":8},"end":{"line":158,"column":11}},"51":{"start":{"line":160,"column":6},"end":{"line":160,"column":51}},"52":{"start":{"line":161,"column":6},"end":{"line":163,"column":66}},"53":{"start":{"line":165,"column":4},"end":{"line":167,"column":8}},"54":{"start":{"line":171,"column":0},"end":{"line":171,"column":65}}},"fnMap":{"0":{"name":"(anonymous_0)","decl":{"start":{"line":29,"column":15},"end":{"line":29,"column":16}},"loc":{"start":{"line":29,"column":41},"end":{"line":50,"column":1}},"line":29},"1":{"name":"(anonymous_1)","decl":{"start":{"line":58,"column":16},"end":{"line":58,"column":17}},"loc":{"start":{"line":58,"column":42},"end":{"line":87,"column":1}},"line":58},"2":{"name":"(anonymous_2)","decl":{"start":{"line":68,"column":23},"end":{"line":68,"column":24}},"loc":{"start":{"line":68,"column":34},"end":{"line":78,"column":7}},"line":68},"3":{"name":"(anonymous_3)","decl":{"start":{"line":95,"column":16},"end":{"line":95,"column":17}},"loc":{"start":{"line":95,"column":42},"end":{"line":111,"column":1}},"line":95},"4":{"name":"(anonymous_4)","decl":{"start":{"line":118,"column":15},"end":{"line":118,"column":16}},"loc":{"start":{"line":118,"column":41},"end":{"line":142,"column":1}},"line":118},"5":{"name":"(anonymous_5)","decl":{"start":{"line":150,"column":18},"end":{"line":150,"column":19}},"loc":{"start":{"line":150,"column":44},"end":{"line":169,"column":1}},"line":150}},"branchMap":{"0":{"loc":{"start":{"line":61,"column":4},"end":{"line":65,"column":5}},"type":"if","locations":[{"start":{"line":61,"column":4},"end":{"line":65,"column":5}},{"start":{"line":61,"column":4},"end":{"line":65,"column":5}}],"line":61},"1":{"loc":{"start":{"line":101,"column":4},"end":{"line":105,"column":5}},"type":"if","locations":[{"start":{"line":101,"column":4},"end":{"line":105,"column":5}},{"start":{"line":101,"column":4},"end":{"line":105,"column":5}}],"line":101},"2":{"loc":{"start":{"line":125,"column":4},"end":{"line":129,"column":5}},"type":"if","locations":[{"start":{"line":125,"column":4},"end":{"line":129,"column":5}},{"start":{"line":125,"column":4},"end":{"line":129,"column":5}}],"line":125},"3":{"loc":{"start":{"line":135,"column":6},"end":{"line":139,"column":7}},"type":"if","locations":[{"start":{"line":135,"column":6},"end":{"line":139,"column":7}},{"start":{"line":135,"column":6},"end":{"line":139,"column":7}}],"line":135},"4":{"loc":{"start":{"line":155,"column":6},"end":{"line":159,"column":7}},"type":"if","locations":[{"start":{"line":155,"column":6},"end":{"line":159,"column":7}},{"start":{"line":155,"column":6},"end":{"line":159,"column":7}}],"line":155}},"s":{"0":1,"1":1,"2":1,"3":1,"4":1,"5":1,"6":1,"7":1,"8":1,"9":1,"10":0,"11":1,"12":1,"13":1,"14":1,"15":0,"16":1,"17":0,"18":1,"19":1,"20":0,"21":1,"22":2,"23":2,"24":2,"25":2,"26":1,"27":0,"28":1,"29":1,"30":1,"31":1,"32":1,"33":1,"34":1,"35":1,"36":1,"37":1,"38":0,"39":1,"40":1,"41":0,"42":0,"43":0,"44":1,"45":2,"46":2,"47":2,"48":2,"49":1,"50":0,"51":1,"52":1,"53":1,"54":1},"f":{"0":1,"1":1,"2":0,"3":2,"4":1,"5":2},"b":{"0":[0,1],"1":[0,1],"2":[0,1],"3":[0,0],"4":[0,1]},"_coverageSchema":"1a1c01bbd47fc00a2c39e90264f33305004495a9","hash":"de4b3d6a8287f134dca5763adceca0096a86d241","contentHash":"0ee1ffe8c3c90c71f6a9778027d8af2ae4f8e9f0b3653be272981394bdc18a3a"},"C:\\Users\\mohammad.musthafa_ym\\Desktop\\notes-node-project\\app\\service\\label.service.js":{"path":"C:\\Users\\mohammad.musthafa_ym\\Desktop\\notes-node-project\\app\\service\\label.service.js","statementMap":{"0":{"start":{"line":19,"column":4},"end":{"line":19,"column":39}},"1":{"start":{"line":27,"column":23},"end":{"line":33,"column":1}},"2":{"start":{"line":28,"column":2},"end":{"line":32,"column":3}},"3":{"start":{"line":29,"column":4},"end":{"line":29,"column":44}},"4":{"start":{"line":31,"column":4},"end":{"line":31,"column":16}},"5":{"start":{"line":41,"column":22},"end":{"line":48,"column":1}},"6":{"start":{"line":42,"column":2},"end":{"line":47,"column":3}},"7":{"start":{"line":43,"column":17},"end":{"line":43,"column":41}},"8":{"start":{"line":44,"column":4},"end":{"line":44,"column":16}},"9":{"start":{"line":46,"column":4},"end":{"line":46,"column":16}},"10":{"start":{"line":55,"column":18},"end":{"line":62,"column":1}},"11":{"start":{"line":56,"column":2},"end":{"line":61,"column":3}},"12":{"start":{"line":57,"column":17},"end":{"line":57,"column":54}},"13":{"start":{"line":58,"column":4},"end":{"line":58,"column":16}},"14":{"start":{"line":60,"column":4},"end":{"line":60,"column":16}},"15":{"start":{"line":70,"column":20},"end":{"line":77,"column":1}},"16":{"start":{"line":71,"column":2},"end":{"line":76,"column":3}},"17":{"start":{"line":72,"column":17},"end":{"line":72,"column":70}},"18":{"start":{"line":73,"column":4},"end":{"line":73,"column":16}},"19":{"start":{"line":75,"column":4},"end":{"line":75,"column":16}},"20":{"start":{"line":84,"column":19},"end":{"line":91,"column":1}},"21":{"start":{"line":85,"column":2},"end":{"line":90,"column":3}},"22":{"start":{"line":86,"column":17},"end":{"line":86,"column":52}},"23":{"start":{"line":87,"column":4},"end":{"line":87,"column":16}},"24":{"start":{"line":89,"column":4},"end":{"line":89,"column":16}},"25":{"start":{"line":93,"column":0},"end":{"line":99,"column":2}}},"fnMap":{"0":{"name":"(anonymous_0)","decl":{"start":{"line":27,"column":23},"end":{"line":27,"column":24}},"loc":{"start":{"line":27,"column":48},"end":{"line":33,"column":1}},"line":27},"1":{"name":"(anonymous_1)","decl":{"start":{"line":41,"column":22},"end":{"line":41,"column":23}},"loc":{"start":{"line":41,"column":40},"end":{"line":48,"column":1}},"line":41},"2":{"name":"(anonymous_2)","decl":{"start":{"line":55,"column":18},"end":{"line":55,"column":19}},"loc":{"start":{"line":55,"column":44},"end":{"line":62,"column":1}},"line":55},"3":{"name":"(anonymous_3)","decl":{"start":{"line":70,"column":20},"end":{"line":70,"column":21}},"loc":{"start":{"line":70,"column":53},"end":{"line":77,"column":1}},"line":70},"4":{"name":"(anonymous_4)","decl":{"start":{"line":84,"column":19},"end":{"line":84,"column":20}},"loc":{"start":{"line":84,"column":45},"end":{"line":91,"column":1}},"line":84}},"branchMap":{},"s":{"0":1,"1":1,"2":1,"3":1,"4":0,"5":1,"6":1,"7":1,"8":1,"9":0,"10":1,"11":2,"12":2,"13":1,"14":1,"15":1,"16":1,"17":1,"18":1,"19":0,"20":1,"21":2,"22":2,"23":1,"24":1,"25":1},"f":{"0":1,"1":1,"2":2,"3":1,"4":2},"b":{},"_coverageSchema":"1a1c01bbd47fc00a2c39e90264f33305004495a9","hash":"ca789337f16a4f03ac168a8cd8665eed691a1e6b","contentHash":"53320fa952544ec9251e02fefd9ae5b39de26bd20762c811fabb68a193642a12"},"C:\\Users\\mohammad.musthafa_ym\\Desktop\\notes-node-project\\app\\models\\label.model.js":{"path":"C:\\Users\\mohammad.musthafa_ym\\Desktop\\notes-node-project\\app\\models\\label.model.js","statementMap":{"0":{"start":{"line":13,"column":17},"end":{"line":13,"column":36}},"1":{"start":{"line":17,"column":20},"end":{"line":28,"column":1}},"2":{"start":{"line":30,"column":14},"end":{"line":30,"column":50}},"3":{"start":{"line":37,"column":20},"end":{"line":48,"column":1}},"4":{"start":{"line":38,"column":16},"end":{"line":41,"column":4}},"5":{"start":{"line":43,"column":2},"end":{"line":47,"column":3}},"6":{"start":{"line":44,"column":4},"end":{"line":44,"column":32}},"7":{"start":{"line":46,"column":4},"end":{"line":46,"column":16}},"8":{"start":{"line":55,"column":19},"end":{"line":64,"column":1}},"9":{"start":{"line":56,"column":2},"end":{"line":63,"column":3}},"10":{"start":{"line":57,"column":17},"end":{"line":59,"column":13}},"11":{"start":{"line":60,"column":4},"end":{"line":60,"column":16}},"12":{"start":{"line":62,"column":4},"end":{"line":62,"column":16}},"13":{"start":{"line":72,"column":24},"end":{"line":81,"column":1}},"14":{"start":{"line":73,"column":2},"end":{"line":80,"column":3}},"15":{"start":{"line":74,"column":17},"end":{"line":74,"column":53}},"16":{"start":{"line":75,"column":17},"end":{"line":75,"column":52}},"17":{"start":{"line":75,"column":38},"end":{"line":75,"column":51}},"18":{"start":{"line":76,"column":4},"end":{"line":77,"column":23}},"19":{"start":{"line":76,"column":28},"end":{"line":76,"column":51}},"20":{"start":{"line":77,"column":9},"end":{"line":77,"column":23}},"21":{"start":{"line":79,"column":4},"end":{"line":79,"column":16}},"22":{"start":{"line":90,"column":33},"end":{"line":105,"column":1}},"23":{"start":{"line":91,"column":2},"end":{"line":104,"column":3}},"24":{"start":{"line":92,"column":18},"end":{"line":92,"column":66}},"25":{"start":{"line":93,"column":4},"end":{"line":95,"column":5}},"26":{"start":{"line":94,"column":6},"end":{"line":94,"column":29}},"27":{"start":{"line":96,"column":17},"end":{"line":100,"column":5}},"28":{"start":{"line":101,"column":4},"end":{"line":101,"column":16}},"29":{"start":{"line":103,"column":4},"end":{"line":103,"column":16}},"30":{"start":{"line":113,"column":22},"end":{"line":123,"column":1}},"31":{"start":{"line":114,"column":2},"end":{"line":122,"column":3}},"32":{"start":{"line":115,"column":17},"end":{"line":115,"column":74}},"33":{"start":{"line":116,"column":4},"end":{"line":118,"column":5}},"34":{"start":{"line":117,"column":6},"end":{"line":117,"column":28}},"35":{"start":{"line":119,"column":4},"end":{"line":119,"column":16}},"36":{"start":{"line":121,"column":4},"end":{"line":121,"column":16}},"37":{"start":{"line":125,"column":0},"end":{"line":131,"column":2}}},"fnMap":{"0":{"name":"(anonymous_0)","decl":{"start":{"line":37,"column":20},"end":{"line":37,"column":21}},"loc":{"start":{"line":37,"column":45},"end":{"line":48,"column":1}},"line":37},"1":{"name":"(anonymous_1)","decl":{"start":{"line":55,"column":19},"end":{"line":55,"column":20}},"loc":{"start":{"line":55,"column":37},"end":{"line":64,"column":1}},"line":55},"2":{"name":"(anonymous_2)","decl":{"start":{"line":72,"column":24},"end":{"line":72,"column":25}},"loc":{"start":{"line":72,"column":46},"end":{"line":81,"column":1}},"line":72},"3":{"name":"(anonymous_3)","decl":{"start":{"line":75,"column":29},"end":{"line":75,"column":30}},"loc":{"start":{"line":75,"column":38},"end":{"line":75,"column":51}},"line":75},"4":{"name":"(anonymous_4)","decl":{"start":{"line":90,"column":33},"end":{"line":90,"column":34}},"loc":{"start":{"line":90,"column":62},"end":{"line":105,"column":1}},"line":90},"5":{"name":"(anonymous_5)","decl":{"start":{"line":113,"column":22},"end":{"line":113,"column":23}},"loc":{"start":{"line":113,"column":44},"end":{"line":123,"column":1}},"line":113}},"branchMap":{"0":{"loc":{"start":{"line":76,"column":4},"end":{"line":77,"column":23}},"type":"if","locations":[{"start":{"line":76,"column":4},"end":{"line":77,"column":23}},{"start":{"line":76,"column":4},"end":{"line":77,"column":23}}],"line":76},"1":{"loc":{"start":{"line":93,"column":4},"end":{"line":95,"column":5}},"type":"if","locations":[{"start":{"line":93,"column":4},"end":{"line":95,"column":5}},{"start":{"line":93,"column":4},"end":{"line":95,"column":5}}],"line":93},"2":{"loc":{"start":{"line":116,"column":4},"end":{"line":118,"column":5}},"type":"if","locations":[{"start":{"line":116,"column":4},"end":{"line":118,"column":5}},{"start":{"line":116,"column":4},"end":{"line":118,"column":5}}],"line":116}},"s":{"0":1,"1":1,"2":1,"3":1,"4":1,"5":1,"6":1,"7":0,"8":1,"9":1,"10":1,"11":1,"12":0,"13":1,"14":2,"15":2,"16":2,"17":2,"18":2,"19":1,"20":1,"21":1,"22":1,"23":1,"24":1,"25":1,"26":0,"27":1,"28":1,"29":0,"30":1,"31":2,"32":2,"33":2,"34":1,"35":1,"36":1,"37":1},"f":{"0":1,"1":1,"2":2,"3":2,"4":1,"5":2},"b":{"0":[1,1],"1":[0,1],"2":[1,1]},"_coverageSchema":"1a1c01bbd47fc00a2c39e90264f33305004495a9","hash":"80b93fa543ebaa9aaec498ab7d669379cce38e1b","contentHash":"0fcf45c93b0778ec7da179294090a3c9af725eef0d37a4f4eb6846d335455193"},"C:\\Users\\mohammad.musthafa_ym\\Desktop\\notes-node-project\\app\\middleware\\label.middleware.js":{"path":"C:\\Users\\mohammad.musthafa_ym\\Desktop\\notes-node-project\\app\\middleware\\label.middleware.js","statementMap":{"0":{"start":{"line":13,"column":24},"end":{"line":13,"column":54}},"1":{"start":{"line":14,"column":30},"end":{"line":14,"column":70}},"2":{"start":{"line":15,"column":19},"end":{"line":15,"column":42}},"3":{"start":{"line":17,"column":22},"end":{"line":34,"column":1}},"4":{"start":{"line":19,"column":2},"end":{"line":23,"column":3}},"5":{"start":{"line":20,"column":4},"end":{"line":22,"column":7}},"6":{"start":{"line":26,"column":16},"end":{"line":26,"column":60}},"7":{"start":{"line":27,"column":2},"end":{"line":33,"column":3}},"8":{"start":{"line":28,"column":4},"end":{"line":30,"column":7}},"9":{"start":{"line":32,"column":4},"end":{"line":32,"column":11}},"10":{"start":{"line":43,"column":22},"end":{"line":61,"column":1}},"11":{"start":{"line":44,"column":21},"end":{"line":44,"column":67}},"12":{"start":{"line":45,"column":2},"end":{"line":45,"column":78}},"13":{"start":{"line":45,"column":19},"end":{"line":45,"column":78}},"14":{"start":{"line":46,"column":16},"end":{"line":46,"column":26}},"15":{"start":{"line":47,"column":2},"end":{"line":60,"column":5}},"16":{"start":{"line":48,"column":4},"end":{"line":59,"column":5}},"17":{"start":{"line":49,"column":6},"end":{"line":54,"column":8}},"18":{"start":{"line":57,"column":6},"end":{"line":57,"column":32}},"19":{"start":{"line":58,"column":6},"end":{"line":58,"column":12}},"20":{"start":{"line":63,"column":0},"end":{"line":63,"column":50}}},"fnMap":{"0":{"name":"(anonymous_0)","decl":{"start":{"line":17,"column":22},"end":{"line":17,"column":23}},"loc":{"start":{"line":17,"column":42},"end":{"line":34,"column":1}},"line":17},"1":{"name":"(anonymous_1)","decl":{"start":{"line":43,"column":22},"end":{"line":43,"column":23}},"loc":{"start":{"line":43,"column":42},"end":{"line":61,"column":1}},"line":43},"2":{"name":"(anonymous_2)","decl":{"start":{"line":47,"column":21},"end":{"line":47,"column":22}},"loc":{"start":{"line":47,"column":38},"end":{"line":60,"column":3}},"line":47}},"branchMap":{"0":{"loc":{"start":{"line":19,"column":2},"end":{"line":23,"column":3}},"type":"if","locations":[{"start":{"line":19,"column":2},"end":{"line":23,"column":3}},{"start":{"line":19,"column":2},"end":{"line":23,"column":3}}],"line":19},"1":{"loc":{"start":{"line":27,"column":2},"end":{"line":33,"column":3}},"type":"if","locations":[{"start":{"line":27,"column":2},"end":{"line":33,"column":3}},{"start":{"line":27,"column":2},"end":{"line":33,"column":3}}],"line":27},"2":{"loc":{"start":{"line":44,"column":21},"end":{"line":44,"column":67}},"type":"binary-expr","locations":[{"start":{"line":44,"column":21},"end":{"line":44,"column":46}},{"start":{"line":44,"column":50},"end":{"line":44,"column":67}}],"line":44},"3":{"loc":{"start":{"line":45,"column":2},"end":{"line":45,"column":78}},"type":"if","locations":[{"start":{"line":45,"column":2},"end":{"line":45,"column":78}},{"start":{"line":45,"column":2},"end":{"line":45,"column":78}}],"line":45},"4":{"loc":{"start":{"line":48,"column":4},"end":{"line":59,"column":5}},"type":"if","locations":[{"start":{"line":48,"column":4},"end":{"line":59,"column":5}},{"start":{"line":48,"column":4},"end":{"line":59,"column":5}}],"line":48}},"s":{"0":1,"1":1,"2":1,"3":1,"4":4,"5":2,"6":2,"7":2,"8":0,"9":2,"10":1,"11":10,"12":10,"13":1,"14":9,"15":9,"16":9,"17":0,"18":9,"19":9,"20":1},"f":{"0":4,"1":10,"2":9},"b":{"0":[2,2],"1":[0,2],"2":[10,2],"3":[1,9],"4":[0,9]},"_coverageSchema":"1a1c01bbd47fc00a2c39e90264f33305004495a9","hash":"f7783fd876298f68cd46f2de76fca630e2fa4952","contentHash":"fb3367bacab48d19f69e3b47f65a68f2ee465807479684063d619ea632f2429d"},"C:\\Users\\mohammad.musthafa_ym\\Desktop\\notes-node-project\\app\\middleware\\error.middleware.js":{"path":"C:\\Users\\mohammad.musthafa_ym\\Desktop\\notes-node-project\\app\\middleware\\error.middleware.js","statementMap":{"0":{"start":{"line":13,"column":15},"end":{"line":13,"column":45}},"1":{"start":{"line":14,"column":24},"end":{"line":14,"column":64}},"2":{"start":{"line":24,"column":0},"end":{"line":32,"column":2}},"3":{"start":{"line":25,"column":2},"end":{"line":28,"column":3}},"4":{"start":{"line":26,"column":4},"end":{"line":26,"column":70}},"5":{"start":{"line":27,"column":4},"end":{"line":27,"column":99}},"6":{"start":{"line":29,"column":2},"end":{"line":31,"column":5}}},"fnMap":{"0":{"name":"(anonymous_0)","decl":{"start":{"line":24,"column":17},"end":{"line":24,"column":18}},"loc":{"start":{"line":24,"column":44},"end":{"line":32,"column":1}},"line":24}},"branchMap":{"0":{"loc":{"start":{"line":25,"column":2},"end":{"line":28,"column":3}},"type":"if","locations":[{"start":{"line":25,"column":2},"end":{"line":28,"column":3}},{"start":{"line":25,"column":2},"end":{"line":28,"column":3}}],"line":25}},"s":{"0":1,"1":1,"2":1,"3":8,"4":8,"5":8,"6":0},"f":{"0":8},"b":{"0":[8,0]},"_coverageSchema":"1a1c01bbd47fc00a2c39e90264f33305004495a9","hash":"722179f3c2bf296c0a97c1aa383aae76457f4873","contentHash":"832348c4b69ad9bf6c5914c14b0bee7b47fe58e4d4887500f4ed245dd28ab1bd"},"C:\\Users\\mohammad.musthafa_ym\\Desktop\\notes-node-project\\config\\db\\db.connect.js":{"path":"C:\\Users\\mohammad.musthafa_ym\\Desktop\\notes-node-project\\config\\db\\db.connect.js","statementMap":{"0":{"start":{"line":13,"column":17},"end":{"line":13,"column":36}},"1":{"start":{"line":14,"column":15},"end":{"line":14,"column":41}},"2":{"start":{"line":16,"column":18},"end":{"line":38,"column":1}},"3":{"start":{"line":19,"column":2},"end":{"line":23,"column":3}},"4":{"start":{"line":20,"column":4},"end":{"line":20,"column":56}},"5":{"start":{"line":22,"column":4},"end":{"line":22,"column":55}},"6":{"start":{"line":26,"column":2},"end":{"line":37,"column":7}},"7":{"start":{"line":31,"column":6},"end":{"line":31,"column":60}},"8":{"start":{"line":34,"column":6},"end":{"line":34,"column":76}},"9":{"start":{"line":35,"column":6},"end":{"line":35,"column":54}},"10":{"start":{"line":36,"column":6},"end":{"line":36,"column":21}},"11":{"start":{"line":40,"column":0},"end":{"line":40,"column":27}}},"fnMap":{"0":{"name":"(anonymous_0)","decl":{"start":{"line":16,"column":18},"end":{"line":16,"column":19}},"loc":{"start":{"line":16,"column":24},"end":{"line":38,"column":1}},"line":16},"1":{"name":"(anonymous_1)","decl":{"start":{"line":30,"column":10},"end":{"line":30,"column":11}},"loc":{"start":{"line":30,"column":16},"end":{"line":32,"column":5}},"line":30},"2":{"name":"(anonymous_2)","decl":{"start":{"line":33,"column":11},"end":{"line":33,"column":12}},"loc":{"start":{"line":33,"column":20},"end":{"line":37,"column":5}},"line":33}},"branchMap":{"0":{"loc":{"start":{"line":19,"column":2},"end":{"line":23,"column":3}},"type":"if","locations":[{"start":{"line":19,"column":2},"end":{"line":23,"column":3}},{"start":{"line":19,"column":2},"end":{"line":23,"column":3}}],"line":19}},"s":{"0":1,"1":1,"2":1,"3":1,"4":1,"5":0,"6":1,"7":1,"8":0,"9":0,"10":0,"11":1},"f":{"0":1,"1":1,"2":0},"b":{"0":[1,0]},"_coverageSchema":"1a1c01bbd47fc00a2c39e90264f33305004495a9","hash":"ef980b6468c9f0ae42a4eb8fb290ec9abb4795e9","contentHash":"018a5638b558029843a3225271016817b9b92e75dd422fd9e6bb271a07025b3a"}}